[2021-03-03 22:39:09,214] {taskinstance.py:851} INFO - Dependencies all met for <TaskInstance: save_to_minio_3.check_s3_for_file_in_s3 2021-03-03T22:39:08.185073+00:00 [queued]>
[2021-03-03 22:39:09,226] {taskinstance.py:851} INFO - Dependencies all met for <TaskInstance: save_to_minio_3.check_s3_for_file_in_s3 2021-03-03T22:39:08.185073+00:00 [queued]>
[2021-03-03 22:39:09,226] {taskinstance.py:1042} INFO - 
--------------------------------------------------------------------------------
[2021-03-03 22:39:09,226] {taskinstance.py:1043} INFO - Starting attempt 1 of 1
[2021-03-03 22:39:09,226] {taskinstance.py:1044} INFO - 
--------------------------------------------------------------------------------
[2021-03-03 22:39:09,233] {taskinstance.py:1063} INFO - Executing <Task(S3KeySensor): check_s3_for_file_in_s3> on 2021-03-03T22:39:08.185073+00:00
[2021-03-03 22:39:09,237] {standard_task_runner.py:52} INFO - Started process 47 to run task
[2021-03-03 22:39:09,240] {standard_task_runner.py:76} INFO - Running: ['airflow', 'tasks', 'run', 'save_to_minio_3', 'check_s3_for_file_in_s3', '2021-03-03T22:39:08.185073+00:00', '--job-id', '81', '--pool', 'default_pool', '--raw', '--subdir', 'DAGS_FOLDER/save_to_minio_3/main.py', '--cfg-path', '/tmp/tmp1hcggoto', '--error-file', '/tmp/tmp4c0fkctg']
[2021-03-03 22:39:09,240] {standard_task_runner.py:77} INFO - Job 81: Subtask check_s3_for_file_in_s3
[2021-03-03 22:39:09,267] {logging_mixin.py:104} INFO - Running <TaskInstance: save_to_minio_3.check_s3_for_file_in_s3 2021-03-03T22:39:08.185073+00:00 [running]> on host b5d0ebb2b610
[2021-03-03 22:39:09,296] {taskinstance.py:1257} INFO - Exporting the following env vars:
AIRFLOW_CTX_DAG_OWNER=airflow
AIRFLOW_CTX_DAG_ID=save_to_minio_3
AIRFLOW_CTX_TASK_ID=check_s3_for_file_in_s3
AIRFLOW_CTX_EXECUTION_DATE=2021-03-03T22:39:08.185073+00:00
AIRFLOW_CTX_DAG_RUN_ID=manual__2021-03-03T22:39:08.185073+00:00
[2021-03-03 22:39:09,296] {s3_key.py:98} INFO - Poking for key : s3://my-first-bucket/my-text-file-*
[2021-03-03 22:39:09,297] {base_aws.py:362} INFO - Airflow Connection: aws_conn_id=local_minio
[2021-03-03 22:39:09,302] {base_aws.py:164} INFO - Credentials retrieved from extra_config
[2021-03-03 22:39:09,302] {base_aws.py:81} INFO - Creating session with aws_access_key_id=minio-access-key region_name=None
[2021-03-03 22:39:09,312] {base_aws.py:151} INFO - role_arn is None
[2021-03-03 22:39:19,368] {s3_key.py:98} INFO - Poking for key : s3://my-first-bucket/my-text-file-*
[2021-03-03 22:39:29,381] {s3_key.py:98} INFO - Poking for key : s3://my-first-bucket/my-text-file-*
[2021-03-03 22:39:39,395] {s3_key.py:98} INFO - Poking for key : s3://my-first-bucket/my-text-file-*
[2021-03-03 22:39:49,411] {s3_key.py:98} INFO - Poking for key : s3://my-first-bucket/my-text-file-*
[2021-03-03 22:39:59,424] {s3_key.py:98} INFO - Poking for key : s3://my-first-bucket/my-text-file-*
[2021-03-03 22:40:09,439] {s3_key.py:98} INFO - Poking for key : s3://my-first-bucket/my-text-file-*
[2021-03-03 22:40:19,459] {s3_key.py:98} INFO - Poking for key : s3://my-first-bucket/my-text-file-*
[2021-03-03 22:40:21,338] {local_task_job.py:77} ERROR - Received SIGTERM. Terminating subprocesses
[2021-03-03 22:40:21,340] {process_utils.py:100} INFO - Sending Signals.SIGTERM to GPID 47
[2021-03-03 22:40:21,340] {taskinstance.py:1239} ERROR - Received SIGTERM. Terminating subprocesses.
[2021-03-03 22:40:21,352] {taskinstance.py:1455} ERROR - Task received SIGTERM signal
Traceback (most recent call last):
  File "/home/airflow/.local/lib/python3.6/site-packages/airflow/models/taskinstance.py", line 1112, in _run_raw_task
    self._prepare_and_execute_task_with_callbacks(context, task)
  File "/home/airflow/.local/lib/python3.6/site-packages/airflow/models/taskinstance.py", line 1285, in _prepare_and_execute_task_with_callbacks
    result = self._execute_task(context, task_copy)
  File "/home/airflow/.local/lib/python3.6/site-packages/airflow/models/taskinstance.py", line 1315, in _execute_task
    result = task_copy.execute(context=context)
  File "/home/airflow/.local/lib/python3.6/site-packages/airflow/sensors/base.py", line 243, in execute
    time.sleep(self._get_next_poke_interval(started_at, run_duration, try_number))
  File "/home/airflow/.local/lib/python3.6/site-packages/airflow/models/taskinstance.py", line 1241, in signal_handler
    raise AirflowException("Task received SIGTERM signal")
airflow.exceptions.AirflowException: Task received SIGTERM signal
[2021-03-03 22:40:21,354] {taskinstance.py:1503} INFO - Marking task as FAILED. dag_id=save_to_minio_3, task_id=check_s3_for_file_in_s3, execution_date=20210303T223908, start_date=20210303T223909, end_date=20210303T224021
[2021-03-03 22:40:21,392] {process_utils.py:66} INFO - Process psutil.Process(pid=47, status='terminated', exitcode=1, started='22:39:08') (47) terminated with exit code 1
