[2021-03-07 19:06:18,482] {taskinstance.py:851} INFO - Dependencies all met for <TaskInstance: save_to_clickhouse_3.log 2021-03-07T19:06:16.280345+00:00 [queued]>
[2021-03-07 19:06:18,495] {taskinstance.py:851} INFO - Dependencies all met for <TaskInstance: save_to_clickhouse_3.log 2021-03-07T19:06:16.280345+00:00 [queued]>
[2021-03-07 19:06:18,495] {taskinstance.py:1042} INFO - 
--------------------------------------------------------------------------------
[2021-03-07 19:06:18,495] {taskinstance.py:1043} INFO - Starting attempt 1 of 1
[2021-03-07 19:06:18,495] {taskinstance.py:1044} INFO - 
--------------------------------------------------------------------------------
[2021-03-07 19:06:18,501] {taskinstance.py:1063} INFO - Executing <Task(_PythonDecoratedOperator): log> on 2021-03-07T19:06:16.280345+00:00
[2021-03-07 19:06:18,505] {standard_task_runner.py:52} INFO - Started process 56 to run task
[2021-03-07 19:06:18,507] {standard_task_runner.py:76} INFO - Running: ['airflow', 'tasks', 'run', 'save_to_clickhouse_3', 'log', '2021-03-07T19:06:16.280345+00:00', '--job-id', '144', '--pool', 'default_pool', '--raw', '--subdir', 'DAGS_FOLDER/save_to_clickhouse_3/main.py', '--cfg-path', '/tmp/tmpn414j0wh', '--error-file', '/tmp/tmpzoq0rnkq']
[2021-03-07 19:06:18,508] {standard_task_runner.py:77} INFO - Job 144: Subtask log
[2021-03-07 19:06:18,537] {logging_mixin.py:104} INFO - Running <TaskInstance: save_to_clickhouse_3.log 2021-03-07T19:06:16.280345+00:00 [running]> on host 020f66ce59e6
[2021-03-07 19:06:18,569] {taskinstance.py:1257} INFO - Exporting the following env vars:
AIRFLOW_CTX_DAG_OWNER=iotoi
AIRFLOW_CTX_DAG_ID=save_to_clickhouse_3
AIRFLOW_CTX_TASK_ID=log
AIRFLOW_CTX_EXECUTION_DATE=2021-03-07T19:06:16.280345+00:00
AIRFLOW_CTX_DAG_RUN_ID=manual__2021-03-07T19:06:16.280345+00:00
[2021-03-07 19:06:18,570] {logging_mixin.py:104} INFO - Should be saved in clickhouse
[2021-03-07 19:06:18,570] {logging_mixin.py:104} INFO - None
[2021-03-07 19:06:18,577] {taskinstance.py:1166} INFO - Marking task as SUCCESS. dag_id=save_to_clickhouse_3, task_id=log, execution_date=20210307T190616, start_date=20210307T190618, end_date=20210307T190618
[2021-03-07 19:06:18,595] {taskinstance.py:1220} INFO - 0 downstream tasks scheduled from follow-on schedule check
[2021-03-07 19:06:18,640] {local_task_job.py:146} INFO - Task exited with return code 0
