[2021-03-03 22:46:32,800] {taskinstance.py:851} INFO - Dependencies all met for <TaskInstance: save_to_minio_3.check_s3_for_file_in_s3 2021-03-03T22:46:31.786089+00:00 [queued]>
[2021-03-03 22:46:32,809] {taskinstance.py:851} INFO - Dependencies all met for <TaskInstance: save_to_minio_3.check_s3_for_file_in_s3 2021-03-03T22:46:31.786089+00:00 [queued]>
[2021-03-03 22:46:32,809] {taskinstance.py:1042} INFO - 
--------------------------------------------------------------------------------
[2021-03-03 22:46:32,809] {taskinstance.py:1043} INFO - Starting attempt 1 of 1
[2021-03-03 22:46:32,809] {taskinstance.py:1044} INFO - 
--------------------------------------------------------------------------------
[2021-03-03 22:46:32,815] {taskinstance.py:1063} INFO - Executing <Task(S3KeySensor): check_s3_for_file_in_s3> on 2021-03-03T22:46:31.786089+00:00
[2021-03-03 22:46:32,819] {standard_task_runner.py:52} INFO - Started process 46 to run task
[2021-03-03 22:46:32,821] {standard_task_runner.py:76} INFO - Running: ['airflow', 'tasks', 'run', 'save_to_minio_3', 'check_s3_for_file_in_s3', '2021-03-03T22:46:31.786089+00:00', '--job-id', '85', '--pool', 'default_pool', '--raw', '--subdir', 'DAGS_FOLDER/save_to_minio_3/main.py', '--cfg-path', '/tmp/tmpdbq95w_4', '--error-file', '/tmp/tmp_yhnvn8v']
[2021-03-03 22:46:32,821] {standard_task_runner.py:77} INFO - Job 85: Subtask check_s3_for_file_in_s3
[2021-03-03 22:46:32,844] {logging_mixin.py:104} INFO - Running <TaskInstance: save_to_minio_3.check_s3_for_file_in_s3 2021-03-03T22:46:31.786089+00:00 [running]> on host b5d0ebb2b610
[2021-03-03 22:46:32,866] {taskinstance.py:1257} INFO - Exporting the following env vars:
AIRFLOW_CTX_DAG_OWNER=airflow
AIRFLOW_CTX_DAG_ID=save_to_minio_3
AIRFLOW_CTX_TASK_ID=check_s3_for_file_in_s3
AIRFLOW_CTX_EXECUTION_DATE=2021-03-03T22:46:31.786089+00:00
AIRFLOW_CTX_DAG_RUN_ID=manual__2021-03-03T22:46:31.786089+00:00
[2021-03-03 22:46:32,866] {s3_key.py:98} INFO - Poking for key : s3://my-first-bucket/*
[2021-03-03 22:46:32,867] {base_aws.py:362} INFO - Airflow Connection: aws_conn_id=local_minio
[2021-03-03 22:46:32,871] {base_aws.py:164} INFO - Credentials retrieved from extra_config
[2021-03-03 22:46:32,871] {base_aws.py:81} INFO - Creating session with aws_access_key_id=minio-access-key region_name=None
[2021-03-03 22:46:32,880] {base_aws.py:151} INFO - role_arn is None
[2021-03-03 22:46:32,922] {base_aws.py:362} INFO - Airflow Connection: aws_conn_id=local_minio
[2021-03-03 22:46:32,926] {base_aws.py:164} INFO - Credentials retrieved from extra_config
[2021-03-03 22:46:32,926] {base_aws.py:81} INFO - Creating session with aws_access_key_id=minio-access-key region_name=None
[2021-03-03 22:46:32,935] {base_aws.py:151} INFO - role_arn is None
[2021-03-03 22:46:32,969] {base.py:245} INFO - Success criteria met. Exiting.
[2021-03-03 22:46:32,975] {taskinstance.py:1166} INFO - Marking task as SUCCESS. dag_id=save_to_minio_3, task_id=check_s3_for_file_in_s3, execution_date=20210303T224631, start_date=20210303T224632, end_date=20210303T224632
[2021-03-03 22:46:32,996] {taskinstance.py:1220} INFO - 1 downstream tasks scheduled from follow-on schedule check
[2021-03-03 22:46:33,033] {local_task_job.py:146} INFO - Task exited with return code 0
