[2021-03-07 19:24:13,058] {taskinstance.py:851} INFO - Dependencies all met for <TaskInstance: get_from_clickhouse_1.save 2021-03-07T19:24:12.194480+00:00 [queued]>
[2021-03-07 19:24:13,064] {taskinstance.py:851} INFO - Dependencies all met for <TaskInstance: get_from_clickhouse_1.save 2021-03-07T19:24:12.194480+00:00 [queued]>
[2021-03-07 19:24:13,065] {taskinstance.py:1042} INFO - 
--------------------------------------------------------------------------------
[2021-03-07 19:24:13,065] {taskinstance.py:1043} INFO - Starting attempt 1 of 1
[2021-03-07 19:24:13,065] {taskinstance.py:1044} INFO - 
--------------------------------------------------------------------------------
[2021-03-07 19:24:13,074] {taskinstance.py:1063} INFO - Executing <Task(_PythonDecoratedOperator): save> on 2021-03-07T19:24:12.194480+00:00
[2021-03-07 19:24:13,077] {standard_task_runner.py:52} INFO - Started process 46 to run task
[2021-03-07 19:24:13,079] {standard_task_runner.py:76} INFO - Running: ['airflow', 'tasks', 'run', 'get_from_clickhouse_1', 'save', '2021-03-07T19:24:12.194480+00:00', '--job-id', '166', '--pool', 'default_pool', '--raw', '--subdir', 'DAGS_FOLDER/get_from_clickhouse_1/main.py', '--cfg-path', '/tmp/tmp8mism1wj', '--error-file', '/tmp/tmpnc0nd05c']
[2021-03-07 19:24:13,080] {standard_task_runner.py:77} INFO - Job 166: Subtask save
[2021-03-07 19:24:13,105] {logging_mixin.py:104} INFO - Running <TaskInstance: get_from_clickhouse_1.save 2021-03-07T19:24:12.194480+00:00 [running]> on host 020f66ce59e6
[2021-03-07 19:24:13,131] {taskinstance.py:1257} INFO - Exporting the following env vars:
AIRFLOW_CTX_DAG_OWNER=iotoi
AIRFLOW_CTX_DAG_ID=get_from_clickhouse_1
AIRFLOW_CTX_TASK_ID=save
AIRFLOW_CTX_EXECUTION_DATE=2021-03-07T19:24:12.194480+00:00
AIRFLOW_CTX_DAG_RUN_ID=manual__2021-03-07T19:24:12.194480+00:00
[2021-03-07 19:24:13,186] {logging_mixin.py:104} INFO - None
[2021-03-07 19:24:13,193] {taskinstance.py:1166} INFO - Marking task as SUCCESS. dag_id=get_from_clickhouse_1, task_id=save, execution_date=20210307T192412, start_date=20210307T192413, end_date=20210307T192413
[2021-03-07 19:24:13,211] {taskinstance.py:1220} INFO - 1 downstream tasks scheduled from follow-on schedule check
[2021-03-07 19:24:13,252] {local_task_job.py:146} INFO - Task exited with return code 0
