[2021-03-03 21:18:20,215] {taskinstance.py:851} INFO - Dependencies all met for <TaskInstance: save_to_minio_2.generate 2021-03-03T21:18:19.248965+00:00 [queued]>
[2021-03-03 21:18:20,224] {taskinstance.py:851} INFO - Dependencies all met for <TaskInstance: save_to_minio_2.generate 2021-03-03T21:18:19.248965+00:00 [queued]>
[2021-03-03 21:18:20,224] {taskinstance.py:1042} INFO - 
--------------------------------------------------------------------------------
[2021-03-03 21:18:20,224] {taskinstance.py:1043} INFO - Starting attempt 1 of 1
[2021-03-03 21:18:20,224] {taskinstance.py:1044} INFO - 
--------------------------------------------------------------------------------
[2021-03-03 21:18:20,229] {taskinstance.py:1063} INFO - Executing <Task(_PythonDecoratedOperator): generate> on 2021-03-03T21:18:19.248965+00:00
[2021-03-03 21:18:20,233] {standard_task_runner.py:52} INFO - Started process 48 to run task
[2021-03-03 21:18:20,235] {standard_task_runner.py:76} INFO - Running: ['airflow', 'tasks', 'run', 'save_to_minio_2', 'generate', '2021-03-03T21:18:19.248965+00:00', '--job-id', '52', '--pool', 'default_pool', '--raw', '--subdir', 'DAGS_FOLDER/save_to_mino_2/main.py', '--cfg-path', '/tmp/tmpdr1anj_y', '--error-file', '/tmp/tmpd2pn1j2a']
[2021-03-03 21:18:20,235] {standard_task_runner.py:77} INFO - Job 52: Subtask generate
[2021-03-03 21:18:20,258] {logging_mixin.py:104} INFO - Running <TaskInstance: save_to_minio_2.generate 2021-03-03T21:18:19.248965+00:00 [running]> on host 4c61e128b408
[2021-03-03 21:18:20,282] {taskinstance.py:1257} INFO - Exporting the following env vars:
AIRFLOW_CTX_DAG_OWNER=iotoi
AIRFLOW_CTX_DAG_ID=save_to_minio_2
AIRFLOW_CTX_TASK_ID=generate
AIRFLOW_CTX_EXECUTION_DATE=2021-03-03T21:18:19.248965+00:00
AIRFLOW_CTX_DAG_RUN_ID=manual__2021-03-03T21:18:19.248965+00:00
[2021-03-03 21:18:20,296] {taskinstance.py:1166} INFO - Marking task as SUCCESS. dag_id=save_to_minio_2, task_id=generate, execution_date=20210303T211819, start_date=20210303T211820, end_date=20210303T211820
[2021-03-03 21:18:20,311] {taskinstance.py:1220} INFO - 0 downstream tasks scheduled from follow-on schedule check
[2021-03-03 21:18:20,327] {local_task_job.py:146} INFO - Task exited with return code 0
