[2021-03-07 20:01:49,742] {scheduler_job.py:182} INFO - Started process (PID=769) to work on /opt/airflow/dags/get_from_kafka_1/main.py
[2021-03-07 20:01:49,743] {scheduler_job.py:629} INFO - Processing file /opt/airflow/dags/get_from_kafka_1/main.py for tasks to queue
[2021-03-07 20:01:49,744] {logging_mixin.py:104} INFO - [2021-03-07 20:01:49,744] {dagbag.py:448} INFO - Filling up the DagBag from /opt/airflow/dags/get_from_kafka_1/main.py
[2021-03-07 20:01:49,746] {logging_mixin.py:104} INFO - [2021-03-07 20:01:49,745] {dagbag.py:305} ERROR - Failed to import: /opt/airflow/dags/get_from_kafka_1/main.py
Traceback (most recent call last):
  File "/home/airflow/.local/lib/python3.6/site-packages/airflow/models/dagbag.py", line 302, in _load_modules_from_file
    loader.exec_module(new_module)
  File "<frozen importlib._bootstrap_external>", line 674, in exec_module
  File "<frozen importlib._bootstrap_external>", line 781, in get_code
  File "<frozen importlib._bootstrap_external>", line 741, in source_to_code
  File "<frozen importlib._bootstrap>", line 219, in _call_with_frames_removed
  File "/opt/airflow/dags/get_from_kafka_1/main.py", line 32
    ...     print (msg)
                      ^
IndentationError: expected an indented block
[2021-03-07 20:01:49,746] {scheduler_job.py:641} WARNING - No viable dags retrieved from /opt/airflow/dags/get_from_kafka_1/main.py
[2021-03-07 20:01:49,763] {scheduler_job.py:190} INFO - Processing /opt/airflow/dags/get_from_kafka_1/main.py took 0.023 seconds
[2021-03-07 20:02:20,070] {scheduler_job.py:182} INFO - Started process (PID=807) to work on /opt/airflow/dags/get_from_kafka_1/main.py
[2021-03-07 20:02:20,070] {scheduler_job.py:629} INFO - Processing file /opt/airflow/dags/get_from_kafka_1/main.py for tasks to queue
[2021-03-07 20:02:20,071] {logging_mixin.py:104} INFO - [2021-03-07 20:02:20,070] {dagbag.py:448} INFO - Filling up the DagBag from /opt/airflow/dags/get_from_kafka_1/main.py
[2021-03-07 20:02:20,111] {scheduler_job.py:639} INFO - DAG(s) dict_keys(['send_to_kafka_1']) retrieved from /opt/airflow/dags/get_from_kafka_1/main.py
[2021-03-07 20:02:20,120] {logging_mixin.py:104} INFO - [2021-03-07 20:02:20,120] {dag.py:1818} INFO - Sync 1 DAGs
[2021-03-07 20:02:20,130] {logging_mixin.py:104} INFO - [2021-03-07 20:02:20,130] {dag.py:2273} INFO - Setting next_dagrun for send_to_kafka_1 to None
[2021-03-07 20:02:20,138] {scheduler_job.py:190} INFO - Processing /opt/airflow/dags/get_from_kafka_1/main.py took 0.070 seconds
[2021-03-07 20:02:50,376] {scheduler_job.py:182} INFO - Started process (PID=845) to work on /opt/airflow/dags/get_from_kafka_1/main.py
[2021-03-07 20:02:50,377] {scheduler_job.py:629} INFO - Processing file /opt/airflow/dags/get_from_kafka_1/main.py for tasks to queue
[2021-03-07 20:02:50,377] {logging_mixin.py:104} INFO - [2021-03-07 20:02:50,377] {dagbag.py:448} INFO - Filling up the DagBag from /opt/airflow/dags/get_from_kafka_1/main.py
[2021-03-07 20:02:50,435] {scheduler_job.py:639} INFO - DAG(s) dict_keys(['send_to_kafka_1']) retrieved from /opt/airflow/dags/get_from_kafka_1/main.py
[2021-03-07 20:02:50,459] {logging_mixin.py:104} INFO - [2021-03-07 20:02:50,459] {dag.py:1818} INFO - Sync 1 DAGs
[2021-03-07 20:02:50,472] {logging_mixin.py:104} INFO - [2021-03-07 20:02:50,472] {dag.py:2273} INFO - Setting next_dagrun for send_to_kafka_1 to None
[2021-03-07 20:02:50,482] {scheduler_job.py:190} INFO - Processing /opt/airflow/dags/get_from_kafka_1/main.py took 0.108 seconds
[2021-03-07 20:03:20,643] {scheduler_job.py:182} INFO - Started process (PID=883) to work on /opt/airflow/dags/get_from_kafka_1/main.py
[2021-03-07 20:03:20,644] {scheduler_job.py:629} INFO - Processing file /opt/airflow/dags/get_from_kafka_1/main.py for tasks to queue
[2021-03-07 20:03:20,644] {logging_mixin.py:104} INFO - [2021-03-07 20:03:20,644] {dagbag.py:448} INFO - Filling up the DagBag from /opt/airflow/dags/get_from_kafka_1/main.py
[2021-03-07 20:03:20,693] {scheduler_job.py:639} INFO - DAG(s) dict_keys(['send_to_kafka_1']) retrieved from /opt/airflow/dags/get_from_kafka_1/main.py
[2021-03-07 20:03:20,702] {logging_mixin.py:104} INFO - [2021-03-07 20:03:20,702] {dag.py:1818} INFO - Sync 1 DAGs
[2021-03-07 20:03:20,714] {logging_mixin.py:104} INFO - [2021-03-07 20:03:20,714] {dag.py:2273} INFO - Setting next_dagrun for send_to_kafka_1 to None
[2021-03-07 20:03:20,721] {scheduler_job.py:190} INFO - Processing /opt/airflow/dags/get_from_kafka_1/main.py took 0.080 seconds
[2021-03-07 20:03:51,068] {scheduler_job.py:182} INFO - Started process (PID=921) to work on /opt/airflow/dags/get_from_kafka_1/main.py
[2021-03-07 20:03:51,070] {scheduler_job.py:629} INFO - Processing file /opt/airflow/dags/get_from_kafka_1/main.py for tasks to queue
[2021-03-07 20:03:51,071] {logging_mixin.py:104} INFO - [2021-03-07 20:03:51,071] {dagbag.py:448} INFO - Filling up the DagBag from /opt/airflow/dags/get_from_kafka_1/main.py
[2021-03-07 20:03:51,120] {scheduler_job.py:639} INFO - DAG(s) dict_keys(['send_to_kafka_1']) retrieved from /opt/airflow/dags/get_from_kafka_1/main.py
[2021-03-07 20:03:51,128] {logging_mixin.py:104} INFO - [2021-03-07 20:03:51,128] {dag.py:1818} INFO - Sync 1 DAGs
[2021-03-07 20:03:51,137] {logging_mixin.py:104} INFO - [2021-03-07 20:03:51,137] {dag.py:2273} INFO - Setting next_dagrun for send_to_kafka_1 to None
[2021-03-07 20:03:51,143] {scheduler_job.py:190} INFO - Processing /opt/airflow/dags/get_from_kafka_1/main.py took 0.079 seconds
[2021-03-07 20:04:29,214] {scheduler_job.py:182} INFO - Started process (PID=40) to work on /opt/airflow/dags/get_from_kafka_1/main.py
[2021-03-07 20:04:29,214] {scheduler_job.py:629} INFO - Processing file /opt/airflow/dags/get_from_kafka_1/main.py for tasks to queue
[2021-03-07 20:04:29,215] {logging_mixin.py:104} INFO - [2021-03-07 20:04:29,215] {dagbag.py:448} INFO - Filling up the DagBag from /opt/airflow/dags/get_from_kafka_1/main.py
[2021-03-07 20:04:29,288] {scheduler_job.py:639} INFO - DAG(s) dict_keys(['get_from_kafka_1']) retrieved from /opt/airflow/dags/get_from_kafka_1/main.py
[2021-03-07 20:04:29,308] {logging_mixin.py:104} INFO - [2021-03-07 20:04:29,308] {dag.py:1818} INFO - Sync 1 DAGs
[2021-03-07 20:04:29,315] {logging_mixin.py:104} INFO - [2021-03-07 20:04:29,315] {dag.py:1837} INFO - Creating ORM DAG for get_from_kafka_1
[2021-03-07 20:04:29,319] {logging_mixin.py:104} INFO - [2021-03-07 20:04:29,319] {dag.py:2273} INFO - Setting next_dagrun for get_from_kafka_1 to 2021-03-06 00:00:00+00:00
[2021-03-07 20:04:29,329] {scheduler_job.py:190} INFO - Processing /opt/airflow/dags/get_from_kafka_1/main.py took 0.119 seconds
[2021-03-07 20:04:59,850] {scheduler_job.py:182} INFO - Started process (PID=78) to work on /opt/airflow/dags/get_from_kafka_1/main.py
[2021-03-07 20:04:59,851] {scheduler_job.py:629} INFO - Processing file /opt/airflow/dags/get_from_kafka_1/main.py for tasks to queue
[2021-03-07 20:04:59,851] {logging_mixin.py:104} INFO - [2021-03-07 20:04:59,851] {dagbag.py:448} INFO - Filling up the DagBag from /opt/airflow/dags/get_from_kafka_1/main.py
[2021-03-07 20:04:59,891] {scheduler_job.py:639} INFO - DAG(s) dict_keys(['get_from_kafka_1']) retrieved from /opt/airflow/dags/get_from_kafka_1/main.py
[2021-03-07 20:04:59,904] {logging_mixin.py:104} INFO - [2021-03-07 20:04:59,904] {dag.py:1818} INFO - Sync 1 DAGs
[2021-03-07 20:04:59,912] {logging_mixin.py:104} INFO - [2021-03-07 20:04:59,912] {dag.py:2273} INFO - Setting next_dagrun for get_from_kafka_1 to None
[2021-03-07 20:04:59,919] {scheduler_job.py:190} INFO - Processing /opt/airflow/dags/get_from_kafka_1/main.py took 0.070 seconds
[2021-03-07 20:05:30,098] {scheduler_job.py:182} INFO - Started process (PID=108) to work on /opt/airflow/dags/get_from_kafka_1/main.py
[2021-03-07 20:05:30,099] {scheduler_job.py:629} INFO - Processing file /opt/airflow/dags/get_from_kafka_1/main.py for tasks to queue
[2021-03-07 20:05:30,100] {logging_mixin.py:104} INFO - [2021-03-07 20:05:30,099] {dagbag.py:448} INFO - Filling up the DagBag from /opt/airflow/dags/get_from_kafka_1/main.py
[2021-03-07 20:05:30,155] {scheduler_job.py:639} INFO - DAG(s) dict_keys(['get_from_kafka_1']) retrieved from /opt/airflow/dags/get_from_kafka_1/main.py
[2021-03-07 20:05:30,171] {logging_mixin.py:104} INFO - [2021-03-07 20:05:30,171] {dag.py:1818} INFO - Sync 1 DAGs
[2021-03-07 20:05:30,179] {logging_mixin.py:104} INFO - [2021-03-07 20:05:30,179] {dag.py:2273} INFO - Setting next_dagrun for get_from_kafka_1 to None
[2021-03-07 20:05:30,187] {scheduler_job.py:190} INFO - Processing /opt/airflow/dags/get_from_kafka_1/main.py took 0.091 seconds
[2021-03-07 20:06:00,470] {scheduler_job.py:182} INFO - Started process (PID=146) to work on /opt/airflow/dags/get_from_kafka_1/main.py
[2021-03-07 20:06:00,471] {scheduler_job.py:629} INFO - Processing file /opt/airflow/dags/get_from_kafka_1/main.py for tasks to queue
[2021-03-07 20:06:00,471] {logging_mixin.py:104} INFO - [2021-03-07 20:06:00,471] {dagbag.py:448} INFO - Filling up the DagBag from /opt/airflow/dags/get_from_kafka_1/main.py
[2021-03-07 20:06:00,519] {scheduler_job.py:639} INFO - DAG(s) dict_keys(['get_from_kafka_1']) retrieved from /opt/airflow/dags/get_from_kafka_1/main.py
[2021-03-07 20:06:00,532] {logging_mixin.py:104} INFO - [2021-03-07 20:06:00,532] {dag.py:1818} INFO - Sync 1 DAGs
[2021-03-07 20:06:00,541] {logging_mixin.py:104} INFO - [2021-03-07 20:06:00,541] {dag.py:2273} INFO - Setting next_dagrun for get_from_kafka_1 to None
[2021-03-07 20:06:00,547] {scheduler_job.py:190} INFO - Processing /opt/airflow/dags/get_from_kafka_1/main.py took 0.078 seconds
[2021-03-07 20:06:30,863] {scheduler_job.py:182} INFO - Started process (PID=184) to work on /opt/airflow/dags/get_from_kafka_1/main.py
[2021-03-07 20:06:30,864] {scheduler_job.py:629} INFO - Processing file /opt/airflow/dags/get_from_kafka_1/main.py for tasks to queue
[2021-03-07 20:06:30,865] {logging_mixin.py:104} INFO - [2021-03-07 20:06:30,865] {dagbag.py:448} INFO - Filling up the DagBag from /opt/airflow/dags/get_from_kafka_1/main.py
[2021-03-07 20:06:30,908] {scheduler_job.py:639} INFO - DAG(s) dict_keys(['get_from_kafka_1']) retrieved from /opt/airflow/dags/get_from_kafka_1/main.py
[2021-03-07 20:06:30,922] {logging_mixin.py:104} INFO - [2021-03-07 20:06:30,922] {dag.py:1818} INFO - Sync 1 DAGs
[2021-03-07 20:06:30,931] {logging_mixin.py:104} INFO - [2021-03-07 20:06:30,930] {dag.py:2273} INFO - Setting next_dagrun for get_from_kafka_1 to None
[2021-03-07 20:06:30,938] {scheduler_job.py:190} INFO - Processing /opt/airflow/dags/get_from_kafka_1/main.py took 0.076 seconds
[2021-03-07 20:07:01,242] {scheduler_job.py:182} INFO - Started process (PID=222) to work on /opt/airflow/dags/get_from_kafka_1/main.py
[2021-03-07 20:07:01,243] {scheduler_job.py:629} INFO - Processing file /opt/airflow/dags/get_from_kafka_1/main.py for tasks to queue
[2021-03-07 20:07:01,243] {logging_mixin.py:104} INFO - [2021-03-07 20:07:01,243] {dagbag.py:448} INFO - Filling up the DagBag from /opt/airflow/dags/get_from_kafka_1/main.py
[2021-03-07 20:07:01,283] {scheduler_job.py:639} INFO - DAG(s) dict_keys(['get_from_kafka_1']) retrieved from /opt/airflow/dags/get_from_kafka_1/main.py
[2021-03-07 20:07:01,296] {logging_mixin.py:104} INFO - [2021-03-07 20:07:01,296] {dag.py:1818} INFO - Sync 1 DAGs
[2021-03-07 20:07:01,305] {logging_mixin.py:104} INFO - [2021-03-07 20:07:01,305] {dag.py:2273} INFO - Setting next_dagrun for get_from_kafka_1 to None
[2021-03-07 20:07:01,311] {scheduler_job.py:190} INFO - Processing /opt/airflow/dags/get_from_kafka_1/main.py took 0.070 seconds
[2021-03-07 20:07:31,609] {scheduler_job.py:182} INFO - Started process (PID=260) to work on /opt/airflow/dags/get_from_kafka_1/main.py
[2021-03-07 20:07:31,610] {scheduler_job.py:629} INFO - Processing file /opt/airflow/dags/get_from_kafka_1/main.py for tasks to queue
[2021-03-07 20:07:31,610] {logging_mixin.py:104} INFO - [2021-03-07 20:07:31,610] {dagbag.py:448} INFO - Filling up the DagBag from /opt/airflow/dags/get_from_kafka_1/main.py
[2021-03-07 20:07:31,651] {scheduler_job.py:639} INFO - DAG(s) dict_keys(['get_from_kafka_1']) retrieved from /opt/airflow/dags/get_from_kafka_1/main.py
[2021-03-07 20:07:31,665] {logging_mixin.py:104} INFO - [2021-03-07 20:07:31,665] {dag.py:1818} INFO - Sync 1 DAGs
[2021-03-07 20:07:31,675] {logging_mixin.py:104} INFO - [2021-03-07 20:07:31,674] {dag.py:2273} INFO - Setting next_dagrun for get_from_kafka_1 to None
[2021-03-07 20:07:31,681] {scheduler_job.py:190} INFO - Processing /opt/airflow/dags/get_from_kafka_1/main.py took 0.074 seconds
[2021-03-07 20:08:01,933] {scheduler_job.py:182} INFO - Started process (PID=298) to work on /opt/airflow/dags/get_from_kafka_1/main.py
[2021-03-07 20:08:01,934] {scheduler_job.py:629} INFO - Processing file /opt/airflow/dags/get_from_kafka_1/main.py for tasks to queue
[2021-03-07 20:08:01,934] {logging_mixin.py:104} INFO - [2021-03-07 20:08:01,934] {dagbag.py:448} INFO - Filling up the DagBag from /opt/airflow/dags/get_from_kafka_1/main.py
[2021-03-07 20:08:01,979] {scheduler_job.py:639} INFO - DAG(s) dict_keys(['get_from_kafka_1']) retrieved from /opt/airflow/dags/get_from_kafka_1/main.py
[2021-03-07 20:08:01,992] {logging_mixin.py:104} INFO - [2021-03-07 20:08:01,992] {dag.py:1818} INFO - Sync 1 DAGs
[2021-03-07 20:08:02,001] {logging_mixin.py:104} INFO - [2021-03-07 20:08:02,001] {dag.py:2273} INFO - Setting next_dagrun for get_from_kafka_1 to None
[2021-03-07 20:08:02,007] {scheduler_job.py:190} INFO - Processing /opt/airflow/dags/get_from_kafka_1/main.py took 0.076 seconds
[2021-03-07 20:08:32,250] {scheduler_job.py:182} INFO - Started process (PID=336) to work on /opt/airflow/dags/get_from_kafka_1/main.py
[2021-03-07 20:08:32,251] {scheduler_job.py:629} INFO - Processing file /opt/airflow/dags/get_from_kafka_1/main.py for tasks to queue
[2021-03-07 20:08:32,251] {logging_mixin.py:104} INFO - [2021-03-07 20:08:32,251] {dagbag.py:448} INFO - Filling up the DagBag from /opt/airflow/dags/get_from_kafka_1/main.py
[2021-03-07 20:08:32,293] {scheduler_job.py:639} INFO - DAG(s) dict_keys(['get_from_kafka_1']) retrieved from /opt/airflow/dags/get_from_kafka_1/main.py
[2021-03-07 20:08:32,305] {logging_mixin.py:104} INFO - [2021-03-07 20:08:32,305] {dag.py:1818} INFO - Sync 1 DAGs
[2021-03-07 20:08:32,313] {logging_mixin.py:104} INFO - [2021-03-07 20:08:32,313] {dag.py:2273} INFO - Setting next_dagrun for get_from_kafka_1 to None
[2021-03-07 20:08:32,320] {scheduler_job.py:190} INFO - Processing /opt/airflow/dags/get_from_kafka_1/main.py took 0.071 seconds
[2021-03-07 20:09:02,772] {scheduler_job.py:182} INFO - Started process (PID=376) to work on /opt/airflow/dags/get_from_kafka_1/main.py
[2021-03-07 20:09:02,772] {scheduler_job.py:629} INFO - Processing file /opt/airflow/dags/get_from_kafka_1/main.py for tasks to queue
[2021-03-07 20:09:02,773] {logging_mixin.py:104} INFO - [2021-03-07 20:09:02,772] {dagbag.py:448} INFO - Filling up the DagBag from /opt/airflow/dags/get_from_kafka_1/main.py
[2021-03-07 20:09:02,813] {scheduler_job.py:639} INFO - DAG(s) dict_keys(['get_from_kafka_1']) retrieved from /opt/airflow/dags/get_from_kafka_1/main.py
[2021-03-07 20:09:02,826] {logging_mixin.py:104} INFO - [2021-03-07 20:09:02,826] {dag.py:1818} INFO - Sync 1 DAGs
[2021-03-07 20:09:02,836] {logging_mixin.py:104} INFO - [2021-03-07 20:09:02,836] {dag.py:2273} INFO - Setting next_dagrun for get_from_kafka_1 to None
[2021-03-07 20:09:02,842] {scheduler_job.py:190} INFO - Processing /opt/airflow/dags/get_from_kafka_1/main.py took 0.073 seconds
[2021-03-07 20:09:33,017] {scheduler_job.py:182} INFO - Started process (PID=414) to work on /opt/airflow/dags/get_from_kafka_1/main.py
[2021-03-07 20:09:33,017] {scheduler_job.py:629} INFO - Processing file /opt/airflow/dags/get_from_kafka_1/main.py for tasks to queue
[2021-03-07 20:09:33,018] {logging_mixin.py:104} INFO - [2021-03-07 20:09:33,018] {dagbag.py:448} INFO - Filling up the DagBag from /opt/airflow/dags/get_from_kafka_1/main.py
[2021-03-07 20:09:33,058] {scheduler_job.py:639} INFO - DAG(s) dict_keys(['get_from_kafka_1']) retrieved from /opt/airflow/dags/get_from_kafka_1/main.py
[2021-03-07 20:09:33,071] {logging_mixin.py:104} INFO - [2021-03-07 20:09:33,071] {dag.py:1818} INFO - Sync 1 DAGs
[2021-03-07 20:09:33,079] {logging_mixin.py:104} INFO - [2021-03-07 20:09:33,079] {dag.py:2273} INFO - Setting next_dagrun for get_from_kafka_1 to None
[2021-03-07 20:09:33,086] {scheduler_job.py:190} INFO - Processing /opt/airflow/dags/get_from_kafka_1/main.py took 0.071 seconds
[2021-03-07 20:10:03,392] {scheduler_job.py:182} INFO - Started process (PID=452) to work on /opt/airflow/dags/get_from_kafka_1/main.py
[2021-03-07 20:10:03,393] {scheduler_job.py:629} INFO - Processing file /opt/airflow/dags/get_from_kafka_1/main.py for tasks to queue
[2021-03-07 20:10:03,393] {logging_mixin.py:104} INFO - [2021-03-07 20:10:03,393] {dagbag.py:448} INFO - Filling up the DagBag from /opt/airflow/dags/get_from_kafka_1/main.py
[2021-03-07 20:10:03,434] {scheduler_job.py:639} INFO - DAG(s) dict_keys(['get_from_kafka_1']) retrieved from /opt/airflow/dags/get_from_kafka_1/main.py
[2021-03-07 20:10:03,447] {logging_mixin.py:104} INFO - [2021-03-07 20:10:03,447] {dag.py:1818} INFO - Sync 1 DAGs
[2021-03-07 20:10:03,455] {logging_mixin.py:104} INFO - [2021-03-07 20:10:03,455] {dag.py:2273} INFO - Setting next_dagrun for get_from_kafka_1 to None
[2021-03-07 20:10:03,460] {scheduler_job.py:190} INFO - Processing /opt/airflow/dags/get_from_kafka_1/main.py took 0.070 seconds
[2021-03-07 20:10:33,754] {scheduler_job.py:182} INFO - Started process (PID=490) to work on /opt/airflow/dags/get_from_kafka_1/main.py
[2021-03-07 20:10:33,755] {scheduler_job.py:629} INFO - Processing file /opt/airflow/dags/get_from_kafka_1/main.py for tasks to queue
[2021-03-07 20:10:33,755] {logging_mixin.py:104} INFO - [2021-03-07 20:10:33,755] {dagbag.py:448} INFO - Filling up the DagBag from /opt/airflow/dags/get_from_kafka_1/main.py
[2021-03-07 20:10:33,795] {scheduler_job.py:639} INFO - DAG(s) dict_keys(['get_from_kafka_1']) retrieved from /opt/airflow/dags/get_from_kafka_1/main.py
[2021-03-07 20:10:33,809] {logging_mixin.py:104} INFO - [2021-03-07 20:10:33,809] {dag.py:1818} INFO - Sync 1 DAGs
[2021-03-07 20:10:33,818] {logging_mixin.py:104} INFO - [2021-03-07 20:10:33,818] {dag.py:2273} INFO - Setting next_dagrun for get_from_kafka_1 to None
[2021-03-07 20:10:33,825] {scheduler_job.py:190} INFO - Processing /opt/airflow/dags/get_from_kafka_1/main.py took 0.072 seconds
[2021-03-07 20:11:04,129] {scheduler_job.py:182} INFO - Started process (PID=528) to work on /opt/airflow/dags/get_from_kafka_1/main.py
[2021-03-07 20:11:04,130] {scheduler_job.py:629} INFO - Processing file /opt/airflow/dags/get_from_kafka_1/main.py for tasks to queue
[2021-03-07 20:11:04,130] {logging_mixin.py:104} INFO - [2021-03-07 20:11:04,130] {dagbag.py:448} INFO - Filling up the DagBag from /opt/airflow/dags/get_from_kafka_1/main.py
[2021-03-07 20:11:04,171] {scheduler_job.py:639} INFO - DAG(s) dict_keys(['get_from_kafka_1']) retrieved from /opt/airflow/dags/get_from_kafka_1/main.py
[2021-03-07 20:11:04,184] {logging_mixin.py:104} INFO - [2021-03-07 20:11:04,183] {dag.py:1818} INFO - Sync 1 DAGs
[2021-03-07 20:11:04,193] {logging_mixin.py:104} INFO - [2021-03-07 20:11:04,192] {dag.py:2273} INFO - Setting next_dagrun for get_from_kafka_1 to None
[2021-03-07 20:11:04,199] {scheduler_job.py:190} INFO - Processing /opt/airflow/dags/get_from_kafka_1/main.py took 0.071 seconds
[2021-03-07 20:11:34,513] {scheduler_job.py:182} INFO - Started process (PID=566) to work on /opt/airflow/dags/get_from_kafka_1/main.py
[2021-03-07 20:11:34,515] {scheduler_job.py:629} INFO - Processing file /opt/airflow/dags/get_from_kafka_1/main.py for tasks to queue
[2021-03-07 20:11:34,516] {logging_mixin.py:104} INFO - [2021-03-07 20:11:34,516] {dagbag.py:448} INFO - Filling up the DagBag from /opt/airflow/dags/get_from_kafka_1/main.py
[2021-03-07 20:11:34,556] {scheduler_job.py:639} INFO - DAG(s) dict_keys(['get_from_kafka_1']) retrieved from /opt/airflow/dags/get_from_kafka_1/main.py
[2021-03-07 20:11:34,569] {logging_mixin.py:104} INFO - [2021-03-07 20:11:34,569] {dag.py:1818} INFO - Sync 1 DAGs
[2021-03-07 20:11:34,578] {logging_mixin.py:104} INFO - [2021-03-07 20:11:34,578] {dag.py:2273} INFO - Setting next_dagrun for get_from_kafka_1 to None
[2021-03-07 20:11:34,585] {scheduler_job.py:190} INFO - Processing /opt/airflow/dags/get_from_kafka_1/main.py took 0.074 seconds
[2021-03-07 20:12:04,780] {scheduler_job.py:182} INFO - Started process (PID=604) to work on /opt/airflow/dags/get_from_kafka_1/main.py
[2021-03-07 20:12:04,780] {scheduler_job.py:629} INFO - Processing file /opt/airflow/dags/get_from_kafka_1/main.py for tasks to queue
[2021-03-07 20:12:04,781] {logging_mixin.py:104} INFO - [2021-03-07 20:12:04,781] {dagbag.py:448} INFO - Filling up the DagBag from /opt/airflow/dags/get_from_kafka_1/main.py
[2021-03-07 20:12:04,821] {scheduler_job.py:639} INFO - DAG(s) dict_keys(['get_from_kafka_1']) retrieved from /opt/airflow/dags/get_from_kafka_1/main.py
[2021-03-07 20:12:04,834] {logging_mixin.py:104} INFO - [2021-03-07 20:12:04,834] {dag.py:1818} INFO - Sync 1 DAGs
[2021-03-07 20:12:04,842] {logging_mixin.py:104} INFO - [2021-03-07 20:12:04,842] {dag.py:2273} INFO - Setting next_dagrun for get_from_kafka_1 to None
[2021-03-07 20:12:04,849] {scheduler_job.py:190} INFO - Processing /opt/airflow/dags/get_from_kafka_1/main.py took 0.071 seconds
[2021-03-07 20:12:34,995] {scheduler_job.py:182} INFO - Started process (PID=642) to work on /opt/airflow/dags/get_from_kafka_1/main.py
[2021-03-07 20:12:34,996] {scheduler_job.py:629} INFO - Processing file /opt/airflow/dags/get_from_kafka_1/main.py for tasks to queue
[2021-03-07 20:12:34,996] {logging_mixin.py:104} INFO - [2021-03-07 20:12:34,996] {dagbag.py:448} INFO - Filling up the DagBag from /opt/airflow/dags/get_from_kafka_1/main.py
[2021-03-07 20:12:35,038] {scheduler_job.py:639} INFO - DAG(s) dict_keys(['get_from_kafka_1']) retrieved from /opt/airflow/dags/get_from_kafka_1/main.py
[2021-03-07 20:12:35,051] {logging_mixin.py:104} INFO - [2021-03-07 20:12:35,051] {dag.py:1818} INFO - Sync 1 DAGs
[2021-03-07 20:12:35,060] {logging_mixin.py:104} INFO - [2021-03-07 20:12:35,059] {dag.py:2273} INFO - Setting next_dagrun for get_from_kafka_1 to None
[2021-03-07 20:12:35,066] {scheduler_job.py:190} INFO - Processing /opt/airflow/dags/get_from_kafka_1/main.py took 0.073 seconds
[2021-03-07 20:13:05,215] {scheduler_job.py:182} INFO - Started process (PID=680) to work on /opt/airflow/dags/get_from_kafka_1/main.py
[2021-03-07 20:13:05,215] {scheduler_job.py:629} INFO - Processing file /opt/airflow/dags/get_from_kafka_1/main.py for tasks to queue
[2021-03-07 20:13:05,216] {logging_mixin.py:104} INFO - [2021-03-07 20:13:05,216] {dagbag.py:448} INFO - Filling up the DagBag from /opt/airflow/dags/get_from_kafka_1/main.py
[2021-03-07 20:13:05,254] {scheduler_job.py:639} INFO - DAG(s) dict_keys(['get_from_kafka_1']) retrieved from /opt/airflow/dags/get_from_kafka_1/main.py
[2021-03-07 20:13:05,267] {logging_mixin.py:104} INFO - [2021-03-07 20:13:05,267] {dag.py:1818} INFO - Sync 1 DAGs
[2021-03-07 20:13:05,276] {logging_mixin.py:104} INFO - [2021-03-07 20:13:05,276] {dag.py:2273} INFO - Setting next_dagrun for get_from_kafka_1 to None
[2021-03-07 20:13:05,282] {scheduler_job.py:190} INFO - Processing /opt/airflow/dags/get_from_kafka_1/main.py took 0.069 seconds
[2021-03-07 20:13:35,470] {scheduler_job.py:182} INFO - Started process (PID=718) to work on /opt/airflow/dags/get_from_kafka_1/main.py
[2021-03-07 20:13:35,470] {scheduler_job.py:629} INFO - Processing file /opt/airflow/dags/get_from_kafka_1/main.py for tasks to queue
[2021-03-07 20:13:35,471] {logging_mixin.py:104} INFO - [2021-03-07 20:13:35,471] {dagbag.py:448} INFO - Filling up the DagBag from /opt/airflow/dags/get_from_kafka_1/main.py
[2021-03-07 20:13:35,511] {scheduler_job.py:639} INFO - DAG(s) dict_keys(['get_from_kafka_1']) retrieved from /opt/airflow/dags/get_from_kafka_1/main.py
[2021-03-07 20:13:35,525] {logging_mixin.py:104} INFO - [2021-03-07 20:13:35,525] {dag.py:1818} INFO - Sync 1 DAGs
[2021-03-07 20:13:35,534] {logging_mixin.py:104} INFO - [2021-03-07 20:13:35,534] {dag.py:2273} INFO - Setting next_dagrun for get_from_kafka_1 to None
[2021-03-07 20:13:35,540] {scheduler_job.py:190} INFO - Processing /opt/airflow/dags/get_from_kafka_1/main.py took 0.072 seconds
[2021-03-07 20:14:05,769] {scheduler_job.py:182} INFO - Started process (PID=759) to work on /opt/airflow/dags/get_from_kafka_1/main.py
[2021-03-07 20:14:05,770] {scheduler_job.py:629} INFO - Processing file /opt/airflow/dags/get_from_kafka_1/main.py for tasks to queue
[2021-03-07 20:14:05,770] {logging_mixin.py:104} INFO - [2021-03-07 20:14:05,770] {dagbag.py:448} INFO - Filling up the DagBag from /opt/airflow/dags/get_from_kafka_1/main.py
[2021-03-07 20:14:05,809] {scheduler_job.py:639} INFO - DAG(s) dict_keys(['get_from_kafka_1']) retrieved from /opt/airflow/dags/get_from_kafka_1/main.py
[2021-03-07 20:14:05,822] {logging_mixin.py:104} INFO - [2021-03-07 20:14:05,822] {dag.py:1818} INFO - Sync 1 DAGs
[2021-03-07 20:14:05,830] {logging_mixin.py:104} INFO - [2021-03-07 20:14:05,830] {dag.py:2273} INFO - Setting next_dagrun for get_from_kafka_1 to None
[2021-03-07 20:14:05,836] {scheduler_job.py:190} INFO - Processing /opt/airflow/dags/get_from_kafka_1/main.py took 0.068 seconds
[2021-03-07 20:14:35,995] {scheduler_job.py:182} INFO - Started process (PID=796) to work on /opt/airflow/dags/get_from_kafka_1/main.py
[2021-03-07 20:14:35,995] {scheduler_job.py:629} INFO - Processing file /opt/airflow/dags/get_from_kafka_1/main.py for tasks to queue
[2021-03-07 20:14:35,996] {logging_mixin.py:104} INFO - [2021-03-07 20:14:35,996] {dagbag.py:448} INFO - Filling up the DagBag from /opt/airflow/dags/get_from_kafka_1/main.py
[2021-03-07 20:14:36,034] {scheduler_job.py:639} INFO - DAG(s) dict_keys(['get_from_kafka_1']) retrieved from /opt/airflow/dags/get_from_kafka_1/main.py
[2021-03-07 20:14:36,046] {logging_mixin.py:104} INFO - [2021-03-07 20:14:36,046] {dag.py:1818} INFO - Sync 1 DAGs
[2021-03-07 20:14:36,055] {logging_mixin.py:104} INFO - [2021-03-07 20:14:36,055] {dag.py:2273} INFO - Setting next_dagrun for get_from_kafka_1 to None
[2021-03-07 20:14:36,061] {scheduler_job.py:190} INFO - Processing /opt/airflow/dags/get_from_kafka_1/main.py took 0.068 seconds
[2021-03-07 20:15:06,272] {scheduler_job.py:182} INFO - Started process (PID=834) to work on /opt/airflow/dags/get_from_kafka_1/main.py
[2021-03-07 20:15:06,273] {scheduler_job.py:629} INFO - Processing file /opt/airflow/dags/get_from_kafka_1/main.py for tasks to queue
[2021-03-07 20:15:06,273] {logging_mixin.py:104} INFO - [2021-03-07 20:15:06,273] {dagbag.py:448} INFO - Filling up the DagBag from /opt/airflow/dags/get_from_kafka_1/main.py
[2021-03-07 20:15:06,311] {scheduler_job.py:639} INFO - DAG(s) dict_keys(['get_from_kafka_1']) retrieved from /opt/airflow/dags/get_from_kafka_1/main.py
[2021-03-07 20:15:06,324] {logging_mixin.py:104} INFO - [2021-03-07 20:15:06,324] {dag.py:1818} INFO - Sync 1 DAGs
[2021-03-07 20:15:06,332] {logging_mixin.py:104} INFO - [2021-03-07 20:15:06,332] {dag.py:2273} INFO - Setting next_dagrun for get_from_kafka_1 to None
[2021-03-07 20:15:06,338] {scheduler_job.py:190} INFO - Processing /opt/airflow/dags/get_from_kafka_1/main.py took 0.067 seconds
[2021-03-07 20:15:36,573] {scheduler_job.py:182} INFO - Started process (PID=870) to work on /opt/airflow/dags/get_from_kafka_1/main.py
[2021-03-07 20:15:36,574] {scheduler_job.py:629} INFO - Processing file /opt/airflow/dags/get_from_kafka_1/main.py for tasks to queue
[2021-03-07 20:15:36,574] {logging_mixin.py:104} INFO - [2021-03-07 20:15:36,574] {dagbag.py:448} INFO - Filling up the DagBag from /opt/airflow/dags/get_from_kafka_1/main.py
[2021-03-07 20:15:36,616] {scheduler_job.py:639} INFO - DAG(s) dict_keys(['get_from_kafka_1']) retrieved from /opt/airflow/dags/get_from_kafka_1/main.py
[2021-03-07 20:15:36,630] {logging_mixin.py:104} INFO - [2021-03-07 20:15:36,630] {dag.py:1818} INFO - Sync 1 DAGs
[2021-03-07 20:15:36,640] {logging_mixin.py:104} INFO - [2021-03-07 20:15:36,640] {dag.py:2273} INFO - Setting next_dagrun for get_from_kafka_1 to None
[2021-03-07 20:15:36,646] {scheduler_job.py:190} INFO - Processing /opt/airflow/dags/get_from_kafka_1/main.py took 0.077 seconds
[2021-03-07 20:16:07,002] {scheduler_job.py:182} INFO - Started process (PID=908) to work on /opt/airflow/dags/get_from_kafka_1/main.py
[2021-03-07 20:16:07,002] {scheduler_job.py:629} INFO - Processing file /opt/airflow/dags/get_from_kafka_1/main.py for tasks to queue
[2021-03-07 20:16:07,003] {logging_mixin.py:104} INFO - [2021-03-07 20:16:07,003] {dagbag.py:448} INFO - Filling up the DagBag from /opt/airflow/dags/get_from_kafka_1/main.py
[2021-03-07 20:16:07,041] {scheduler_job.py:639} INFO - DAG(s) dict_keys(['get_from_kafka_1']) retrieved from /opt/airflow/dags/get_from_kafka_1/main.py
[2021-03-07 20:16:07,054] {logging_mixin.py:104} INFO - [2021-03-07 20:16:07,054] {dag.py:1818} INFO - Sync 1 DAGs
[2021-03-07 20:16:07,063] {logging_mixin.py:104} INFO - [2021-03-07 20:16:07,063] {dag.py:2273} INFO - Setting next_dagrun for get_from_kafka_1 to None
[2021-03-07 20:16:07,069] {scheduler_job.py:190} INFO - Processing /opt/airflow/dags/get_from_kafka_1/main.py took 0.069 seconds
[2021-03-07 20:16:37,283] {scheduler_job.py:182} INFO - Started process (PID=946) to work on /opt/airflow/dags/get_from_kafka_1/main.py
[2021-03-07 20:16:37,284] {scheduler_job.py:629} INFO - Processing file /opt/airflow/dags/get_from_kafka_1/main.py for tasks to queue
[2021-03-07 20:16:37,284] {logging_mixin.py:104} INFO - [2021-03-07 20:16:37,284] {dagbag.py:448} INFO - Filling up the DagBag from /opt/airflow/dags/get_from_kafka_1/main.py
[2021-03-07 20:16:37,323] {scheduler_job.py:639} INFO - DAG(s) dict_keys(['get_from_kafka_1']) retrieved from /opt/airflow/dags/get_from_kafka_1/main.py
[2021-03-07 20:16:37,337] {logging_mixin.py:104} INFO - [2021-03-07 20:16:37,337] {dag.py:1818} INFO - Sync 1 DAGs
[2021-03-07 20:16:37,346] {logging_mixin.py:104} INFO - [2021-03-07 20:16:37,346] {dag.py:2273} INFO - Setting next_dagrun for get_from_kafka_1 to None
[2021-03-07 20:16:37,353] {scheduler_job.py:190} INFO - Processing /opt/airflow/dags/get_from_kafka_1/main.py took 0.072 seconds
[2021-03-07 20:17:07,558] {scheduler_job.py:182} INFO - Started process (PID=985) to work on /opt/airflow/dags/get_from_kafka_1/main.py
[2021-03-07 20:17:07,559] {scheduler_job.py:629} INFO - Processing file /opt/airflow/dags/get_from_kafka_1/main.py for tasks to queue
[2021-03-07 20:17:07,559] {logging_mixin.py:104} INFO - [2021-03-07 20:17:07,559] {dagbag.py:448} INFO - Filling up the DagBag from /opt/airflow/dags/get_from_kafka_1/main.py
[2021-03-07 20:17:07,604] {scheduler_job.py:639} INFO - DAG(s) dict_keys(['get_from_kafka_1']) retrieved from /opt/airflow/dags/get_from_kafka_1/main.py
[2021-03-07 20:17:07,617] {logging_mixin.py:104} INFO - [2021-03-07 20:17:07,617] {dag.py:1818} INFO - Sync 1 DAGs
[2021-03-07 20:17:07,628] {logging_mixin.py:104} INFO - [2021-03-07 20:17:07,627] {dag.py:2273} INFO - Setting next_dagrun for get_from_kafka_1 to None
[2021-03-07 20:17:07,634] {scheduler_job.py:190} INFO - Processing /opt/airflow/dags/get_from_kafka_1/main.py took 0.078 seconds
[2021-03-07 20:17:37,806] {scheduler_job.py:182} INFO - Started process (PID=1023) to work on /opt/airflow/dags/get_from_kafka_1/main.py
[2021-03-07 20:17:37,807] {scheduler_job.py:629} INFO - Processing file /opt/airflow/dags/get_from_kafka_1/main.py for tasks to queue
[2021-03-07 20:17:37,807] {logging_mixin.py:104} INFO - [2021-03-07 20:17:37,807] {dagbag.py:448} INFO - Filling up the DagBag from /opt/airflow/dags/get_from_kafka_1/main.py
[2021-03-07 20:17:37,845] {scheduler_job.py:639} INFO - DAG(s) dict_keys(['get_from_kafka_1']) retrieved from /opt/airflow/dags/get_from_kafka_1/main.py
[2021-03-07 20:17:37,858] {logging_mixin.py:104} INFO - [2021-03-07 20:17:37,858] {dag.py:1818} INFO - Sync 1 DAGs
[2021-03-07 20:17:37,866] {logging_mixin.py:104} INFO - [2021-03-07 20:17:37,866] {dag.py:2273} INFO - Setting next_dagrun for get_from_kafka_1 to None
[2021-03-07 20:17:37,872] {scheduler_job.py:190} INFO - Processing /opt/airflow/dags/get_from_kafka_1/main.py took 0.068 seconds
[2021-03-07 20:18:08,058] {scheduler_job.py:182} INFO - Started process (PID=1061) to work on /opt/airflow/dags/get_from_kafka_1/main.py
[2021-03-07 20:18:08,058] {scheduler_job.py:629} INFO - Processing file /opt/airflow/dags/get_from_kafka_1/main.py for tasks to queue
[2021-03-07 20:18:08,059] {logging_mixin.py:104} INFO - [2021-03-07 20:18:08,059] {dagbag.py:448} INFO - Filling up the DagBag from /opt/airflow/dags/get_from_kafka_1/main.py
[2021-03-07 20:18:08,097] {scheduler_job.py:639} INFO - DAG(s) dict_keys(['get_from_kafka_1']) retrieved from /opt/airflow/dags/get_from_kafka_1/main.py
[2021-03-07 20:18:08,114] {logging_mixin.py:104} INFO - [2021-03-07 20:18:08,113] {dag.py:1818} INFO - Sync 1 DAGs
[2021-03-07 20:18:08,125] {logging_mixin.py:104} INFO - [2021-03-07 20:18:08,125] {dag.py:2273} INFO - Setting next_dagrun for get_from_kafka_1 to None
[2021-03-07 20:18:08,131] {scheduler_job.py:190} INFO - Processing /opt/airflow/dags/get_from_kafka_1/main.py took 0.075 seconds
[2021-03-07 20:18:38,322] {scheduler_job.py:182} INFO - Started process (PID=1099) to work on /opt/airflow/dags/get_from_kafka_1/main.py
[2021-03-07 20:18:38,323] {scheduler_job.py:629} INFO - Processing file /opt/airflow/dags/get_from_kafka_1/main.py for tasks to queue
[2021-03-07 20:18:38,323] {logging_mixin.py:104} INFO - [2021-03-07 20:18:38,323] {dagbag.py:448} INFO - Filling up the DagBag from /opt/airflow/dags/get_from_kafka_1/main.py
[2021-03-07 20:18:38,362] {scheduler_job.py:639} INFO - DAG(s) dict_keys(['get_from_kafka_1']) retrieved from /opt/airflow/dags/get_from_kafka_1/main.py
[2021-03-07 20:18:38,376] {logging_mixin.py:104} INFO - [2021-03-07 20:18:38,375] {dag.py:1818} INFO - Sync 1 DAGs
[2021-03-07 20:18:38,384] {logging_mixin.py:104} INFO - [2021-03-07 20:18:38,384] {dag.py:2273} INFO - Setting next_dagrun for get_from_kafka_1 to None
[2021-03-07 20:18:38,391] {scheduler_job.py:190} INFO - Processing /opt/airflow/dags/get_from_kafka_1/main.py took 0.070 seconds
[2021-03-07 20:19:08,554] {scheduler_job.py:182} INFO - Started process (PID=1138) to work on /opt/airflow/dags/get_from_kafka_1/main.py
[2021-03-07 20:19:08,554] {scheduler_job.py:629} INFO - Processing file /opt/airflow/dags/get_from_kafka_1/main.py for tasks to queue
[2021-03-07 20:19:08,555] {logging_mixin.py:104} INFO - [2021-03-07 20:19:08,555] {dagbag.py:448} INFO - Filling up the DagBag from /opt/airflow/dags/get_from_kafka_1/main.py
[2021-03-07 20:19:08,596] {scheduler_job.py:639} INFO - DAG(s) dict_keys(['get_from_kafka_1']) retrieved from /opt/airflow/dags/get_from_kafka_1/main.py
[2021-03-07 20:19:08,611] {logging_mixin.py:104} INFO - [2021-03-07 20:19:08,611] {dag.py:1818} INFO - Sync 1 DAGs
[2021-03-07 20:19:08,623] {logging_mixin.py:104} INFO - [2021-03-07 20:19:08,622] {dag.py:2273} INFO - Setting next_dagrun for get_from_kafka_1 to None
[2021-03-07 20:19:08,629] {scheduler_job.py:190} INFO - Processing /opt/airflow/dags/get_from_kafka_1/main.py took 0.077 seconds
[2021-03-07 20:19:38,862] {scheduler_job.py:182} INFO - Started process (PID=1176) to work on /opt/airflow/dags/get_from_kafka_1/main.py
[2021-03-07 20:19:38,862] {scheduler_job.py:629} INFO - Processing file /opt/airflow/dags/get_from_kafka_1/main.py for tasks to queue
[2021-03-07 20:19:38,863] {logging_mixin.py:104} INFO - [2021-03-07 20:19:38,863] {dagbag.py:448} INFO - Filling up the DagBag from /opt/airflow/dags/get_from_kafka_1/main.py
[2021-03-07 20:19:38,901] {scheduler_job.py:639} INFO - DAG(s) dict_keys(['get_from_kafka_1']) retrieved from /opt/airflow/dags/get_from_kafka_1/main.py
[2021-03-07 20:19:38,914] {logging_mixin.py:104} INFO - [2021-03-07 20:19:38,913] {dag.py:1818} INFO - Sync 1 DAGs
[2021-03-07 20:19:38,922] {logging_mixin.py:104} INFO - [2021-03-07 20:19:38,922] {dag.py:2273} INFO - Setting next_dagrun for get_from_kafka_1 to None
[2021-03-07 20:19:38,928] {scheduler_job.py:190} INFO - Processing /opt/airflow/dags/get_from_kafka_1/main.py took 0.068 seconds
[2021-03-07 20:20:09,127] {scheduler_job.py:182} INFO - Started process (PID=1214) to work on /opt/airflow/dags/get_from_kafka_1/main.py
[2021-03-07 20:20:09,128] {scheduler_job.py:629} INFO - Processing file /opt/airflow/dags/get_from_kafka_1/main.py for tasks to queue
[2021-03-07 20:20:09,128] {logging_mixin.py:104} INFO - [2021-03-07 20:20:09,128] {dagbag.py:448} INFO - Filling up the DagBag from /opt/airflow/dags/get_from_kafka_1/main.py
[2021-03-07 20:20:09,167] {scheduler_job.py:639} INFO - DAG(s) dict_keys(['get_from_kafka_1']) retrieved from /opt/airflow/dags/get_from_kafka_1/main.py
[2021-03-07 20:20:09,181] {logging_mixin.py:104} INFO - [2021-03-07 20:20:09,181] {dag.py:1818} INFO - Sync 1 DAGs
[2021-03-07 20:20:09,190] {logging_mixin.py:104} INFO - [2021-03-07 20:20:09,190] {dag.py:2273} INFO - Setting next_dagrun for get_from_kafka_1 to None
[2021-03-07 20:20:09,197] {scheduler_job.py:190} INFO - Processing /opt/airflow/dags/get_from_kafka_1/main.py took 0.072 seconds
[2021-03-07 20:20:39,347] {scheduler_job.py:182} INFO - Started process (PID=1250) to work on /opt/airflow/dags/get_from_kafka_1/main.py
[2021-03-07 20:20:39,348] {scheduler_job.py:629} INFO - Processing file /opt/airflow/dags/get_from_kafka_1/main.py for tasks to queue
[2021-03-07 20:20:39,348] {logging_mixin.py:104} INFO - [2021-03-07 20:20:39,348] {dagbag.py:448} INFO - Filling up the DagBag from /opt/airflow/dags/get_from_kafka_1/main.py
[2021-03-07 20:20:39,392] {scheduler_job.py:639} INFO - DAG(s) dict_keys(['get_from_kafka_1']) retrieved from /opt/airflow/dags/get_from_kafka_1/main.py
[2021-03-07 20:20:39,405] {logging_mixin.py:104} INFO - [2021-03-07 20:20:39,405] {dag.py:1818} INFO - Sync 1 DAGs
[2021-03-07 20:20:39,415] {logging_mixin.py:104} INFO - [2021-03-07 20:20:39,415] {dag.py:2273} INFO - Setting next_dagrun for get_from_kafka_1 to None
[2021-03-07 20:20:39,421] {scheduler_job.py:190} INFO - Processing /opt/airflow/dags/get_from_kafka_1/main.py took 0.075 seconds
[2021-03-07 20:21:09,678] {scheduler_job.py:182} INFO - Started process (PID=1288) to work on /opt/airflow/dags/get_from_kafka_1/main.py
[2021-03-07 20:21:09,678] {scheduler_job.py:629} INFO - Processing file /opt/airflow/dags/get_from_kafka_1/main.py for tasks to queue
[2021-03-07 20:21:09,679] {logging_mixin.py:104} INFO - [2021-03-07 20:21:09,679] {dagbag.py:448} INFO - Filling up the DagBag from /opt/airflow/dags/get_from_kafka_1/main.py
[2021-03-07 20:21:09,722] {scheduler_job.py:639} INFO - DAG(s) dict_keys(['get_from_kafka_1']) retrieved from /opt/airflow/dags/get_from_kafka_1/main.py
[2021-03-07 20:21:09,735] {logging_mixin.py:104} INFO - [2021-03-07 20:21:09,735] {dag.py:1818} INFO - Sync 1 DAGs
[2021-03-07 20:21:09,743] {logging_mixin.py:104} INFO - [2021-03-07 20:21:09,743] {dag.py:2273} INFO - Setting next_dagrun for get_from_kafka_1 to None
[2021-03-07 20:21:09,749] {scheduler_job.py:190} INFO - Processing /opt/airflow/dags/get_from_kafka_1/main.py took 0.073 seconds
[2021-03-07 20:21:40,044] {scheduler_job.py:182} INFO - Started process (PID=1326) to work on /opt/airflow/dags/get_from_kafka_1/main.py
[2021-03-07 20:21:40,045] {scheduler_job.py:629} INFO - Processing file /opt/airflow/dags/get_from_kafka_1/main.py for tasks to queue
[2021-03-07 20:21:40,045] {logging_mixin.py:104} INFO - [2021-03-07 20:21:40,045] {dagbag.py:448} INFO - Filling up the DagBag from /opt/airflow/dags/get_from_kafka_1/main.py
[2021-03-07 20:21:40,085] {scheduler_job.py:639} INFO - DAG(s) dict_keys(['get_from_kafka_1']) retrieved from /opt/airflow/dags/get_from_kafka_1/main.py
[2021-03-07 20:21:40,098] {logging_mixin.py:104} INFO - [2021-03-07 20:21:40,098] {dag.py:1818} INFO - Sync 1 DAGs
[2021-03-07 20:21:40,107] {logging_mixin.py:104} INFO - [2021-03-07 20:21:40,107] {dag.py:2273} INFO - Setting next_dagrun for get_from_kafka_1 to None
[2021-03-07 20:21:40,113] {scheduler_job.py:190} INFO - Processing /opt/airflow/dags/get_from_kafka_1/main.py took 0.071 seconds
[2021-03-07 20:22:10,285] {scheduler_job.py:182} INFO - Started process (PID=1364) to work on /opt/airflow/dags/get_from_kafka_1/main.py
[2021-03-07 20:22:10,286] {scheduler_job.py:629} INFO - Processing file /opt/airflow/dags/get_from_kafka_1/main.py for tasks to queue
[2021-03-07 20:22:10,286] {logging_mixin.py:104} INFO - [2021-03-07 20:22:10,286] {dagbag.py:448} INFO - Filling up the DagBag from /opt/airflow/dags/get_from_kafka_1/main.py
[2021-03-07 20:22:10,326] {scheduler_job.py:639} INFO - DAG(s) dict_keys(['get_from_kafka_1']) retrieved from /opt/airflow/dags/get_from_kafka_1/main.py
[2021-03-07 20:22:10,339] {logging_mixin.py:104} INFO - [2021-03-07 20:22:10,339] {dag.py:1818} INFO - Sync 1 DAGs
[2021-03-07 20:22:10,349] {logging_mixin.py:104} INFO - [2021-03-07 20:22:10,348] {dag.py:2273} INFO - Setting next_dagrun for get_from_kafka_1 to None
[2021-03-07 20:22:10,355] {scheduler_job.py:190} INFO - Processing /opt/airflow/dags/get_from_kafka_1/main.py took 0.072 seconds
[2021-03-07 20:22:40,600] {scheduler_job.py:182} INFO - Started process (PID=1402) to work on /opt/airflow/dags/get_from_kafka_1/main.py
[2021-03-07 20:22:40,600] {scheduler_job.py:629} INFO - Processing file /opt/airflow/dags/get_from_kafka_1/main.py for tasks to queue
[2021-03-07 20:22:40,600] {logging_mixin.py:104} INFO - [2021-03-07 20:22:40,600] {dagbag.py:448} INFO - Filling up the DagBag from /opt/airflow/dags/get_from_kafka_1/main.py
[2021-03-07 20:22:40,638] {scheduler_job.py:639} INFO - DAG(s) dict_keys(['get_from_kafka_1']) retrieved from /opt/airflow/dags/get_from_kafka_1/main.py
[2021-03-07 20:22:40,651] {logging_mixin.py:104} INFO - [2021-03-07 20:22:40,651] {dag.py:1818} INFO - Sync 1 DAGs
[2021-03-07 20:22:40,661] {logging_mixin.py:104} INFO - [2021-03-07 20:22:40,660] {dag.py:2273} INFO - Setting next_dagrun for get_from_kafka_1 to None
[2021-03-07 20:22:40,668] {scheduler_job.py:190} INFO - Processing /opt/airflow/dags/get_from_kafka_1/main.py took 0.070 seconds
[2021-03-07 20:23:10,875] {scheduler_job.py:182} INFO - Started process (PID=1440) to work on /opt/airflow/dags/get_from_kafka_1/main.py
[2021-03-07 20:23:10,876] {scheduler_job.py:629} INFO - Processing file /opt/airflow/dags/get_from_kafka_1/main.py for tasks to queue
[2021-03-07 20:23:10,876] {logging_mixin.py:104} INFO - [2021-03-07 20:23:10,876] {dagbag.py:448} INFO - Filling up the DagBag from /opt/airflow/dags/get_from_kafka_1/main.py
[2021-03-07 20:23:10,915] {scheduler_job.py:639} INFO - DAG(s) dict_keys(['get_from_kafka_1']) retrieved from /opt/airflow/dags/get_from_kafka_1/main.py
[2021-03-07 20:23:10,928] {logging_mixin.py:104} INFO - [2021-03-07 20:23:10,928] {dag.py:1818} INFO - Sync 1 DAGs
[2021-03-07 20:23:10,937] {logging_mixin.py:104} INFO - [2021-03-07 20:23:10,937] {dag.py:2273} INFO - Setting next_dagrun for get_from_kafka_1 to None
[2021-03-07 20:23:10,944] {scheduler_job.py:190} INFO - Processing /opt/airflow/dags/get_from_kafka_1/main.py took 0.070 seconds
[2021-03-07 20:23:41,190] {scheduler_job.py:182} INFO - Started process (PID=1478) to work on /opt/airflow/dags/get_from_kafka_1/main.py
[2021-03-07 20:23:41,191] {scheduler_job.py:629} INFO - Processing file /opt/airflow/dags/get_from_kafka_1/main.py for tasks to queue
[2021-03-07 20:23:41,191] {logging_mixin.py:104} INFO - [2021-03-07 20:23:41,191] {dagbag.py:448} INFO - Filling up the DagBag from /opt/airflow/dags/get_from_kafka_1/main.py
[2021-03-07 20:23:41,231] {scheduler_job.py:639} INFO - DAG(s) dict_keys(['get_from_kafka_1']) retrieved from /opt/airflow/dags/get_from_kafka_1/main.py
[2021-03-07 20:23:41,244] {logging_mixin.py:104} INFO - [2021-03-07 20:23:41,244] {dag.py:1818} INFO - Sync 1 DAGs
[2021-03-07 20:23:41,254] {logging_mixin.py:104} INFO - [2021-03-07 20:23:41,254] {dag.py:2273} INFO - Setting next_dagrun for get_from_kafka_1 to None
[2021-03-07 20:23:41,261] {scheduler_job.py:190} INFO - Processing /opt/airflow/dags/get_from_kafka_1/main.py took 0.073 seconds
[2021-03-07 20:24:11,517] {scheduler_job.py:182} INFO - Started process (PID=1516) to work on /opt/airflow/dags/get_from_kafka_1/main.py
[2021-03-07 20:24:11,518] {scheduler_job.py:629} INFO - Processing file /opt/airflow/dags/get_from_kafka_1/main.py for tasks to queue
[2021-03-07 20:24:11,518] {logging_mixin.py:104} INFO - [2021-03-07 20:24:11,518] {dagbag.py:448} INFO - Filling up the DagBag from /opt/airflow/dags/get_from_kafka_1/main.py
[2021-03-07 20:24:11,562] {scheduler_job.py:639} INFO - DAG(s) dict_keys(['get_from_kafka_1']) retrieved from /opt/airflow/dags/get_from_kafka_1/main.py
[2021-03-07 20:24:11,577] {logging_mixin.py:104} INFO - [2021-03-07 20:24:11,577] {dag.py:1818} INFO - Sync 1 DAGs
[2021-03-07 20:24:11,588] {logging_mixin.py:104} INFO - [2021-03-07 20:24:11,588] {dag.py:2273} INFO - Setting next_dagrun for get_from_kafka_1 to None
[2021-03-07 20:24:11,595] {scheduler_job.py:190} INFO - Processing /opt/airflow/dags/get_from_kafka_1/main.py took 0.079 seconds
[2021-03-07 20:24:41,811] {scheduler_job.py:182} INFO - Started process (PID=1554) to work on /opt/airflow/dags/get_from_kafka_1/main.py
[2021-03-07 20:24:41,812] {scheduler_job.py:629} INFO - Processing file /opt/airflow/dags/get_from_kafka_1/main.py for tasks to queue
[2021-03-07 20:24:41,812] {logging_mixin.py:104} INFO - [2021-03-07 20:24:41,812] {dagbag.py:448} INFO - Filling up the DagBag from /opt/airflow/dags/get_from_kafka_1/main.py
[2021-03-07 20:24:41,853] {scheduler_job.py:639} INFO - DAG(s) dict_keys(['get_from_kafka_1']) retrieved from /opt/airflow/dags/get_from_kafka_1/main.py
[2021-03-07 20:24:41,866] {logging_mixin.py:104} INFO - [2021-03-07 20:24:41,866] {dag.py:1818} INFO - Sync 1 DAGs
[2021-03-07 20:24:41,877] {logging_mixin.py:104} INFO - [2021-03-07 20:24:41,877] {dag.py:2273} INFO - Setting next_dagrun for get_from_kafka_1 to None
[2021-03-07 20:24:41,886] {scheduler_job.py:190} INFO - Processing /opt/airflow/dags/get_from_kafka_1/main.py took 0.076 seconds
[2021-03-07 20:25:12,166] {scheduler_job.py:182} INFO - Started process (PID=1592) to work on /opt/airflow/dags/get_from_kafka_1/main.py
[2021-03-07 20:25:12,167] {scheduler_job.py:629} INFO - Processing file /opt/airflow/dags/get_from_kafka_1/main.py for tasks to queue
[2021-03-07 20:25:12,167] {logging_mixin.py:104} INFO - [2021-03-07 20:25:12,167] {dagbag.py:448} INFO - Filling up the DagBag from /opt/airflow/dags/get_from_kafka_1/main.py
[2021-03-07 20:25:12,205] {scheduler_job.py:639} INFO - DAG(s) dict_keys(['get_from_kafka_1']) retrieved from /opt/airflow/dags/get_from_kafka_1/main.py
[2021-03-07 20:25:12,221] {logging_mixin.py:104} INFO - [2021-03-07 20:25:12,221] {dag.py:1818} INFO - Sync 1 DAGs
[2021-03-07 20:25:12,234] {logging_mixin.py:104} INFO - [2021-03-07 20:25:12,233] {dag.py:2273} INFO - Setting next_dagrun for get_from_kafka_1 to None
[2021-03-07 20:25:12,242] {scheduler_job.py:190} INFO - Processing /opt/airflow/dags/get_from_kafka_1/main.py took 0.078 seconds
[2021-03-07 20:25:42,519] {scheduler_job.py:182} INFO - Started process (PID=1630) to work on /opt/airflow/dags/get_from_kafka_1/main.py
[2021-03-07 20:25:42,520] {scheduler_job.py:629} INFO - Processing file /opt/airflow/dags/get_from_kafka_1/main.py for tasks to queue
[2021-03-07 20:25:42,520] {logging_mixin.py:104} INFO - [2021-03-07 20:25:42,520] {dagbag.py:448} INFO - Filling up the DagBag from /opt/airflow/dags/get_from_kafka_1/main.py
[2021-03-07 20:25:42,559] {scheduler_job.py:639} INFO - DAG(s) dict_keys(['get_from_kafka_1']) retrieved from /opt/airflow/dags/get_from_kafka_1/main.py
[2021-03-07 20:25:42,572] {logging_mixin.py:104} INFO - [2021-03-07 20:25:42,572] {dag.py:1818} INFO - Sync 1 DAGs
[2021-03-07 20:25:42,582] {logging_mixin.py:104} INFO - [2021-03-07 20:25:42,582] {dag.py:2273} INFO - Setting next_dagrun for get_from_kafka_1 to None
[2021-03-07 20:25:42,589] {scheduler_job.py:190} INFO - Processing /opt/airflow/dags/get_from_kafka_1/main.py took 0.071 seconds
