[2021-03-07 19:21:02,330] {taskinstance.py:851} INFO - Dependencies all met for <TaskInstance: get_from_clickhouse_1.log 2021-03-07T19:21:00.050915+00:00 [queued]>
[2021-03-07 19:21:02,349] {taskinstance.py:851} INFO - Dependencies all met for <TaskInstance: get_from_clickhouse_1.log 2021-03-07T19:21:00.050915+00:00 [queued]>
[2021-03-07 19:21:02,350] {taskinstance.py:1042} INFO - 
--------------------------------------------------------------------------------
[2021-03-07 19:21:02,350] {taskinstance.py:1043} INFO - Starting attempt 1 of 1
[2021-03-07 19:21:02,350] {taskinstance.py:1044} INFO - 
--------------------------------------------------------------------------------
[2021-03-07 19:21:02,359] {taskinstance.py:1063} INFO - Executing <Task(_PythonDecoratedOperator): log> on 2021-03-07T19:21:00.050915+00:00
[2021-03-07 19:21:02,364] {standard_task_runner.py:52} INFO - Started process 57 to run task
[2021-03-07 19:21:02,369] {standard_task_runner.py:76} INFO - Running: ['airflow', 'tasks', 'run', 'get_from_clickhouse_1', 'log', '2021-03-07T19:21:00.050915+00:00', '--job-id', '158', '--pool', 'default_pool', '--raw', '--subdir', 'DAGS_FOLDER/get_from_clickhouse_1/main.py', '--cfg-path', '/tmp/tmpwzfx0k0t', '--error-file', '/tmp/tmpogxbpa9j']
[2021-03-07 19:21:02,369] {standard_task_runner.py:77} INFO - Job 158: Subtask log
[2021-03-07 19:21:02,411] {logging_mixin.py:104} INFO - Running <TaskInstance: get_from_clickhouse_1.log 2021-03-07T19:21:00.050915+00:00 [running]> on host 020f66ce59e6
[2021-03-07 19:21:02,456] {taskinstance.py:1257} INFO - Exporting the following env vars:
AIRFLOW_CTX_DAG_OWNER=iotoi
AIRFLOW_CTX_DAG_ID=get_from_clickhouse_1
AIRFLOW_CTX_TASK_ID=log
AIRFLOW_CTX_EXECUTION_DATE=2021-03-07T19:21:00.050915+00:00
AIRFLOW_CTX_DAG_RUN_ID=manual__2021-03-07T19:21:00.050915+00:00
[2021-03-07 19:21:02,457] {logging_mixin.py:104} INFO - Should be saved in clickhouse
[2021-03-07 19:21:02,457] {logging_mixin.py:104} INFO - None
[2021-03-07 19:21:02,468] {taskinstance.py:1166} INFO - Marking task as SUCCESS. dag_id=get_from_clickhouse_1, task_id=log, execution_date=20210307T192100, start_date=20210307T192102, end_date=20210307T192102
[2021-03-07 19:21:02,496] {taskinstance.py:1220} INFO - 0 downstream tasks scheduled from follow-on schedule check
[2021-03-07 19:21:02,541] {local_task_job.py:146} INFO - Task exited with return code 0
