[2021-03-03 22:23:17,826] {taskinstance.py:851} INFO - Dependencies all met for <TaskInstance: save_to_minio_2.generate 2021-03-03T22:23:17.113015+00:00 [queued]>
[2021-03-03 22:23:17,837] {taskinstance.py:851} INFO - Dependencies all met for <TaskInstance: save_to_minio_2.generate 2021-03-03T22:23:17.113015+00:00 [queued]>
[2021-03-03 22:23:17,837] {taskinstance.py:1042} INFO - 
--------------------------------------------------------------------------------
[2021-03-03 22:23:17,837] {taskinstance.py:1043} INFO - Starting attempt 1 of 1
[2021-03-03 22:23:17,837] {taskinstance.py:1044} INFO - 
--------------------------------------------------------------------------------
[2021-03-03 22:23:17,848] {taskinstance.py:1063} INFO - Executing <Task(_PythonDecoratedOperator): generate> on 2021-03-03T22:23:17.113015+00:00
[2021-03-03 22:23:17,851] {standard_task_runner.py:52} INFO - Started process 59 to run task
[2021-03-03 22:23:17,853] {standard_task_runner.py:76} INFO - Running: ['airflow', 'tasks', 'run', 'save_to_minio_2', 'generate', '2021-03-03T22:23:17.113015+00:00', '--job-id', '73', '--pool', 'default_pool', '--raw', '--subdir', 'DAGS_FOLDER/save_to_minio_2/main.py', '--cfg-path', '/tmp/tmp4p4zp29n', '--error-file', '/tmp/tmpjn89zo6t']
[2021-03-03 22:23:17,854] {standard_task_runner.py:77} INFO - Job 73: Subtask generate
[2021-03-03 22:23:17,881] {logging_mixin.py:104} INFO - Running <TaskInstance: save_to_minio_2.generate 2021-03-03T22:23:17.113015+00:00 [running]> on host b5d0ebb2b610
[2021-03-03 22:23:17,907] {taskinstance.py:1257} INFO - Exporting the following env vars:
AIRFLOW_CTX_DAG_OWNER=iotoi
AIRFLOW_CTX_DAG_ID=save_to_minio_2
AIRFLOW_CTX_TASK_ID=generate
AIRFLOW_CTX_EXECUTION_DATE=2021-03-03T22:23:17.113015+00:00
AIRFLOW_CTX_DAG_RUN_ID=manual__2021-03-03T22:23:17.113015+00:00
[2021-03-03 22:23:17,926] {taskinstance.py:1166} INFO - Marking task as SUCCESS. dag_id=save_to_minio_2, task_id=generate, execution_date=20210303T222317, start_date=20210303T222317, end_date=20210303T222317
[2021-03-03 22:23:17,944] {taskinstance.py:1220} INFO - 0 downstream tasks scheduled from follow-on schedule check
[2021-03-03 22:23:17,986] {local_task_job.py:146} INFO - Task exited with return code 0
