[2021-03-02 19:42:29,986] {taskinstance.py:851} INFO - Dependencies all met for <TaskInstance: tutorial_taskflow_api_etl.extract 2021-03-02T19:42:28.192328+00:00 [queued]>
[2021-03-02 19:42:29,996] {taskinstance.py:851} INFO - Dependencies all met for <TaskInstance: tutorial_taskflow_api_etl.extract 2021-03-02T19:42:28.192328+00:00 [queued]>
[2021-03-02 19:42:29,996] {taskinstance.py:1042} INFO - 
--------------------------------------------------------------------------------
[2021-03-02 19:42:29,996] {taskinstance.py:1043} INFO - Starting attempt 1 of 1
[2021-03-02 19:42:29,996] {taskinstance.py:1044} INFO - 
--------------------------------------------------------------------------------
[2021-03-02 19:42:30,003] {taskinstance.py:1063} INFO - Executing <Task(_PythonDecoratedOperator): extract> on 2021-03-02T19:42:28.192328+00:00
[2021-03-02 19:42:30,006] {standard_task_runner.py:52} INFO - Started process 46 to run task
[2021-03-02 19:42:30,008] {standard_task_runner.py:76} INFO - Running: ['airflow', 'tasks', 'run', 'tutorial_taskflow_api_etl', 'extract', '2021-03-02T19:42:28.192328+00:00', '--job-id', '2', '--pool', 'default_pool', '--raw', '--subdir', '/home/airflow/.local/lib/python3.6/site-packages/airflow/example_dags/tutorial_taskflow_api_etl.py', '--cfg-path', '/tmp/tmpq18_3uww', '--error-file', '/tmp/tmpz377v2zg']
[2021-03-02 19:42:30,009] {standard_task_runner.py:77} INFO - Job 2: Subtask extract
[2021-03-02 19:42:30,034] {logging_mixin.py:104} INFO - Running <TaskInstance: tutorial_taskflow_api_etl.extract 2021-03-02T19:42:28.192328+00:00 [running]> on host 1332b59b3837
[2021-03-02 19:42:30,063] {taskinstance.py:1257} INFO - Exporting the following env vars:
AIRFLOW_CTX_DAG_OWNER=airflow
AIRFLOW_CTX_DAG_ID=tutorial_taskflow_api_etl
AIRFLOW_CTX_TASK_ID=extract
AIRFLOW_CTX_EXECUTION_DATE=2021-03-02T19:42:28.192328+00:00
AIRFLOW_CTX_DAG_RUN_ID=manual__2021-03-02T19:42:28.192328+00:00
[2021-03-02 19:42:30,081] {taskinstance.py:1166} INFO - Marking task as SUCCESS. dag_id=tutorial_taskflow_api_etl, task_id=extract, execution_date=20210302T194228, start_date=20210302T194229, end_date=20210302T194230
[2021-03-02 19:42:30,100] {taskinstance.py:1220} INFO - 1 downstream tasks scheduled from follow-on schedule check
[2021-03-02 19:42:30,141] {local_task_job.py:146} INFO - Task exited with return code 0
