[2021-03-02 19:42:31,337] {taskinstance.py:851} INFO - Dependencies all met for <TaskInstance: tutorial_taskflow_api_etl.transform 2021-03-02T19:42:28.192328+00:00 [queued]>
[2021-03-02 19:42:31,348] {taskinstance.py:851} INFO - Dependencies all met for <TaskInstance: tutorial_taskflow_api_etl.transform 2021-03-02T19:42:28.192328+00:00 [queued]>
[2021-03-02 19:42:31,348] {taskinstance.py:1042} INFO - 
--------------------------------------------------------------------------------
[2021-03-02 19:42:31,348] {taskinstance.py:1043} INFO - Starting attempt 1 of 1
[2021-03-02 19:42:31,348] {taskinstance.py:1044} INFO - 
--------------------------------------------------------------------------------
[2021-03-02 19:42:31,355] {taskinstance.py:1063} INFO - Executing <Task(_PythonDecoratedOperator): transform> on 2021-03-02T19:42:28.192328+00:00
[2021-03-02 19:42:31,358] {standard_task_runner.py:52} INFO - Started process 48 to run task
[2021-03-02 19:42:31,360] {standard_task_runner.py:76} INFO - Running: ['airflow', 'tasks', 'run', 'tutorial_taskflow_api_etl', 'transform', '2021-03-02T19:42:28.192328+00:00', '--job-id', '3', '--pool', 'default_pool', '--raw', '--subdir', '/home/airflow/.local/lib/python3.6/site-packages/airflow/example_dags/tutorial_taskflow_api_etl.py', '--cfg-path', '/tmp/tmpcigrdfsc', '--error-file', '/tmp/tmpeliei16x']
[2021-03-02 19:42:31,360] {standard_task_runner.py:77} INFO - Job 3: Subtask transform
[2021-03-02 19:42:31,386] {logging_mixin.py:104} INFO - Running <TaskInstance: tutorial_taskflow_api_etl.transform 2021-03-02T19:42:28.192328+00:00 [running]> on host 1332b59b3837
[2021-03-02 19:42:31,416] {taskinstance.py:1257} INFO - Exporting the following env vars:
AIRFLOW_CTX_DAG_OWNER=airflow
AIRFLOW_CTX_DAG_ID=tutorial_taskflow_api_etl
AIRFLOW_CTX_TASK_ID=transform
AIRFLOW_CTX_EXECUTION_DATE=2021-03-02T19:42:28.192328+00:00
AIRFLOW_CTX_DAG_RUN_ID=manual__2021-03-02T19:42:28.192328+00:00
[2021-03-02 19:42:31,439] {taskinstance.py:1166} INFO - Marking task as SUCCESS. dag_id=tutorial_taskflow_api_etl, task_id=transform, execution_date=20210302T194228, start_date=20210302T194231, end_date=20210302T194231
[2021-03-02 19:42:31,458] {taskinstance.py:1220} INFO - 1 downstream tasks scheduled from follow-on schedule check
[2021-03-02 19:42:31,493] {local_task_job.py:146} INFO - Task exited with return code 0
