[2021-03-07 19:24:14,318] {taskinstance.py:851} INFO - Dependencies all met for <TaskInstance: get_from_clickhouse_1.log 2021-03-07T19:24:12.194480+00:00 [queued]>
[2021-03-07 19:24:14,335] {taskinstance.py:851} INFO - Dependencies all met for <TaskInstance: get_from_clickhouse_1.log 2021-03-07T19:24:12.194480+00:00 [queued]>
[2021-03-07 19:24:14,335] {taskinstance.py:1042} INFO - 
--------------------------------------------------------------------------------
[2021-03-07 19:24:14,336] {taskinstance.py:1043} INFO - Starting attempt 1 of 1
[2021-03-07 19:24:14,336] {taskinstance.py:1044} INFO - 
--------------------------------------------------------------------------------
[2021-03-07 19:24:14,352] {taskinstance.py:1063} INFO - Executing <Task(_PythonDecoratedOperator): log> on 2021-03-07T19:24:12.194480+00:00
[2021-03-07 19:24:14,356] {standard_task_runner.py:52} INFO - Started process 48 to run task
[2021-03-07 19:24:14,360] {standard_task_runner.py:76} INFO - Running: ['airflow', 'tasks', 'run', 'get_from_clickhouse_1', 'log', '2021-03-07T19:24:12.194480+00:00', '--job-id', '167', '--pool', 'default_pool', '--raw', '--subdir', 'DAGS_FOLDER/get_from_clickhouse_1/main.py', '--cfg-path', '/tmp/tmps75a_8z_', '--error-file', '/tmp/tmpjo47duhb']
[2021-03-07 19:24:14,365] {standard_task_runner.py:77} INFO - Job 167: Subtask log
[2021-03-07 19:24:14,407] {logging_mixin.py:104} INFO - Running <TaskInstance: get_from_clickhouse_1.log 2021-03-07T19:24:12.194480+00:00 [running]> on host 020f66ce59e6
[2021-03-07 19:24:14,472] {taskinstance.py:1257} INFO - Exporting the following env vars:
AIRFLOW_CTX_DAG_OWNER=iotoi
AIRFLOW_CTX_DAG_ID=get_from_clickhouse_1
AIRFLOW_CTX_TASK_ID=log
AIRFLOW_CTX_EXECUTION_DATE=2021-03-07T19:24:12.194480+00:00
AIRFLOW_CTX_DAG_RUN_ID=manual__2021-03-07T19:24:12.194480+00:00
[2021-03-07 19:24:14,473] {logging_mixin.py:104} INFO - Should be saved in clickhouse
[2021-03-07 19:24:14,473] {logging_mixin.py:104} INFO - None
[2021-03-07 19:24:14,490] {taskinstance.py:1166} INFO - Marking task as SUCCESS. dag_id=get_from_clickhouse_1, task_id=log, execution_date=20210307T192412, start_date=20210307T192414, end_date=20210307T192414
[2021-03-07 19:24:14,536] {taskinstance.py:1220} INFO - 0 downstream tasks scheduled from follow-on schedule check
[2021-03-07 19:24:14,576] {local_task_job.py:146} INFO - Task exited with return code 0
