[2021-03-03 18:13:24,099] {taskinstance.py:851} INFO - Dependencies all met for <TaskInstance: generate_string_workflow.generate 2021-03-03T18:13:22.803078+00:00 [queued]>
[2021-03-03 18:13:24,106] {taskinstance.py:851} INFO - Dependencies all met for <TaskInstance: generate_string_workflow.generate 2021-03-03T18:13:22.803078+00:00 [queued]>
[2021-03-03 18:13:24,106] {taskinstance.py:1042} INFO - 
--------------------------------------------------------------------------------
[2021-03-03 18:13:24,106] {taskinstance.py:1043} INFO - Starting attempt 1 of 1
[2021-03-03 18:13:24,106] {taskinstance.py:1044} INFO - 
--------------------------------------------------------------------------------
[2021-03-03 18:13:24,116] {taskinstance.py:1063} INFO - Executing <Task(_PythonDecoratedOperator): generate> on 2021-03-03T18:13:22.803078+00:00
[2021-03-03 18:13:24,119] {standard_task_runner.py:52} INFO - Started process 47 to run task
[2021-03-03 18:13:24,121] {standard_task_runner.py:76} INFO - Running: ['airflow', 'tasks', 'run', 'generate_string_workflow', 'generate', '2021-03-03T18:13:22.803078+00:00', '--job-id', '14', '--pool', 'default_pool', '--raw', '--subdir', 'DAGS_FOLDER/custom-dag-1.py', '--cfg-path', '/tmp/tmpe_qzo2qj', '--error-file', '/tmp/tmpgxgocxuw']
[2021-03-03 18:13:24,122] {standard_task_runner.py:77} INFO - Job 14: Subtask generate
[2021-03-03 18:13:24,148] {logging_mixin.py:104} INFO - Running <TaskInstance: generate_string_workflow.generate 2021-03-03T18:13:22.803078+00:00 [running]> on host 02b058bbf526
[2021-03-03 18:13:24,172] {taskinstance.py:1257} INFO - Exporting the following env vars:
AIRFLOW_CTX_DAG_OWNER=iotoi
AIRFLOW_CTX_DAG_ID=generate_string_workflow
AIRFLOW_CTX_TASK_ID=generate
AIRFLOW_CTX_EXECUTION_DATE=2021-03-03T18:13:22.803078+00:00
AIRFLOW_CTX_DAG_RUN_ID=manual__2021-03-03T18:13:22.803078+00:00
[2021-03-03 18:13:24,188] {taskinstance.py:1166} INFO - Marking task as SUCCESS. dag_id=generate_string_workflow, task_id=generate, execution_date=20210303T181322, start_date=20210303T181324, end_date=20210303T181324
[2021-03-03 18:13:24,210] {taskinstance.py:1220} INFO - 1 downstream tasks scheduled from follow-on schedule check
[2021-03-03 18:13:24,254] {local_task_job.py:146} INFO - Task exited with return code 0
