[2021-03-07 19:02:29,754] {scheduler_job.py:182} INFO - Started process (PID=41) to work on /opt/airflow/dags/save_to_clickhouse_3/main.py
[2021-03-07 19:02:29,755] {scheduler_job.py:629} INFO - Processing file /opt/airflow/dags/save_to_clickhouse_3/main.py for tasks to queue
[2021-03-07 19:02:29,755] {logging_mixin.py:104} INFO - [2021-03-07 19:02:29,755] {dagbag.py:448} INFO - Filling up the DagBag from /opt/airflow/dags/save_to_clickhouse_3/main.py
[2021-03-07 19:02:29,781] {scheduler_job.py:639} INFO - DAG(s) dict_keys(['save_to_clickhouse_3']) retrieved from /opt/airflow/dags/save_to_clickhouse_3/main.py
[2021-03-07 19:02:29,800] {logging_mixin.py:104} INFO - [2021-03-07 19:02:29,800] {dag.py:1818} INFO - Sync 1 DAGs
[2021-03-07 19:02:29,807] {logging_mixin.py:104} INFO - [2021-03-07 19:02:29,807] {dag.py:1837} INFO - Creating ORM DAG for save_to_clickhouse_3
[2021-03-07 19:02:29,812] {logging_mixin.py:104} INFO - [2021-03-07 19:02:29,812] {dag.py:2273} INFO - Setting next_dagrun for save_to_clickhouse_3 to 2021-03-06 00:00:00+00:00
[2021-03-07 19:02:29,827] {scheduler_job.py:190} INFO - Processing /opt/airflow/dags/save_to_clickhouse_3/main.py took 0.076 seconds
[2021-03-07 19:02:59,940] {scheduler_job.py:182} INFO - Started process (PID=67) to work on /opt/airflow/dags/save_to_clickhouse_3/main.py
[2021-03-07 19:02:59,940] {scheduler_job.py:629} INFO - Processing file /opt/airflow/dags/save_to_clickhouse_3/main.py for tasks to queue
[2021-03-07 19:02:59,941] {logging_mixin.py:104} INFO - [2021-03-07 19:02:59,941] {dagbag.py:448} INFO - Filling up the DagBag from /opt/airflow/dags/save_to_clickhouse_3/main.py
[2021-03-07 19:02:59,960] {scheduler_job.py:639} INFO - DAG(s) dict_keys(['save_to_clickhouse_3']) retrieved from /opt/airflow/dags/save_to_clickhouse_3/main.py
[2021-03-07 19:02:59,975] {logging_mixin.py:104} INFO - [2021-03-07 19:02:59,974] {dag.py:1818} INFO - Sync 1 DAGs
[2021-03-07 19:02:59,984] {logging_mixin.py:104} INFO - [2021-03-07 19:02:59,984] {dag.py:2273} INFO - Setting next_dagrun for save_to_clickhouse_3 to None
[2021-03-07 19:02:59,990] {scheduler_job.py:190} INFO - Processing /opt/airflow/dags/save_to_clickhouse_3/main.py took 0.052 seconds
[2021-03-07 19:03:17,856] {scheduler_job.py:182} INFO - Started process (PID=37) to work on /opt/airflow/dags/save_to_clickhouse_3/main.py
[2021-03-07 19:03:17,856] {scheduler_job.py:629} INFO - Processing file /opt/airflow/dags/save_to_clickhouse_3/main.py for tasks to queue
[2021-03-07 19:03:17,857] {logging_mixin.py:104} INFO - [2021-03-07 19:03:17,857] {dagbag.py:448} INFO - Filling up the DagBag from /opt/airflow/dags/save_to_clickhouse_3/main.py
[2021-03-07 19:03:17,887] {scheduler_job.py:639} INFO - DAG(s) dict_keys(['save_to_clickhouse_3']) retrieved from /opt/airflow/dags/save_to_clickhouse_3/main.py
[2021-03-07 19:03:17,900] {logging_mixin.py:104} INFO - [2021-03-07 19:03:17,899] {dag.py:1818} INFO - Sync 1 DAGs
[2021-03-07 19:03:17,915] {logging_mixin.py:104} INFO - [2021-03-07 19:03:17,915] {dag.py:2273} INFO - Setting next_dagrun for save_to_clickhouse_3 to None
[2021-03-07 19:03:17,923] {scheduler_job.py:190} INFO - Processing /opt/airflow/dags/save_to_clickhouse_3/main.py took 0.070 seconds
[2021-03-07 19:03:48,562] {scheduler_job.py:182} INFO - Started process (PID=72) to work on /opt/airflow/dags/save_to_clickhouse_3/main.py
[2021-03-07 19:03:48,563] {scheduler_job.py:629} INFO - Processing file /opt/airflow/dags/save_to_clickhouse_3/main.py for tasks to queue
[2021-03-07 19:03:48,563] {logging_mixin.py:104} INFO - [2021-03-07 19:03:48,563] {dagbag.py:448} INFO - Filling up the DagBag from /opt/airflow/dags/save_to_clickhouse_3/main.py
[2021-03-07 19:03:48,587] {scheduler_job.py:639} INFO - DAG(s) dict_keys(['save_to_clickhouse_3']) retrieved from /opt/airflow/dags/save_to_clickhouse_3/main.py
[2021-03-07 19:03:48,603] {logging_mixin.py:104} INFO - [2021-03-07 19:03:48,603] {dag.py:1818} INFO - Sync 1 DAGs
[2021-03-07 19:03:48,613] {logging_mixin.py:104} INFO - [2021-03-07 19:03:48,613] {dag.py:2273} INFO - Setting next_dagrun for save_to_clickhouse_3 to None
[2021-03-07 19:03:48,620] {scheduler_job.py:190} INFO - Processing /opt/airflow/dags/save_to_clickhouse_3/main.py took 0.061 seconds
[2021-03-07 19:04:18,918] {scheduler_job.py:182} INFO - Started process (PID=107) to work on /opt/airflow/dags/save_to_clickhouse_3/main.py
[2021-03-07 19:04:18,919] {scheduler_job.py:629} INFO - Processing file /opt/airflow/dags/save_to_clickhouse_3/main.py for tasks to queue
[2021-03-07 19:04:18,920] {logging_mixin.py:104} INFO - [2021-03-07 19:04:18,919] {dagbag.py:448} INFO - Filling up the DagBag from /opt/airflow/dags/save_to_clickhouse_3/main.py
[2021-03-07 19:04:18,938] {scheduler_job.py:639} INFO - DAG(s) dict_keys(['save_to_clickhouse_3']) retrieved from /opt/airflow/dags/save_to_clickhouse_3/main.py
[2021-03-07 19:04:18,954] {logging_mixin.py:104} INFO - [2021-03-07 19:04:18,953] {dag.py:1818} INFO - Sync 1 DAGs
[2021-03-07 19:04:18,964] {logging_mixin.py:104} INFO - [2021-03-07 19:04:18,964] {dag.py:2273} INFO - Setting next_dagrun for save_to_clickhouse_3 to None
[2021-03-07 19:04:18,971] {scheduler_job.py:190} INFO - Processing /opt/airflow/dags/save_to_clickhouse_3/main.py took 0.054 seconds
[2021-03-07 19:04:49,267] {scheduler_job.py:182} INFO - Started process (PID=142) to work on /opt/airflow/dags/save_to_clickhouse_3/main.py
[2021-03-07 19:04:49,268] {scheduler_job.py:629} INFO - Processing file /opt/airflow/dags/save_to_clickhouse_3/main.py for tasks to queue
[2021-03-07 19:04:49,268] {logging_mixin.py:104} INFO - [2021-03-07 19:04:49,268] {dagbag.py:448} INFO - Filling up the DagBag from /opt/airflow/dags/save_to_clickhouse_3/main.py
[2021-03-07 19:04:49,288] {scheduler_job.py:639} INFO - DAG(s) dict_keys(['save_to_clickhouse_3']) retrieved from /opt/airflow/dags/save_to_clickhouse_3/main.py
[2021-03-07 19:04:49,302] {logging_mixin.py:104} INFO - [2021-03-07 19:04:49,302] {dag.py:1818} INFO - Sync 1 DAGs
[2021-03-07 19:04:49,312] {logging_mixin.py:104} INFO - [2021-03-07 19:04:49,312] {dag.py:2273} INFO - Setting next_dagrun for save_to_clickhouse_3 to None
[2021-03-07 19:04:49,318] {scheduler_job.py:190} INFO - Processing /opt/airflow/dags/save_to_clickhouse_3/main.py took 0.053 seconds
[2021-03-07 19:05:19,740] {scheduler_job.py:182} INFO - Started process (PID=179) to work on /opt/airflow/dags/save_to_clickhouse_3/main.py
[2021-03-07 19:05:19,741] {scheduler_job.py:629} INFO - Processing file /opt/airflow/dags/save_to_clickhouse_3/main.py for tasks to queue
[2021-03-07 19:05:19,741] {logging_mixin.py:104} INFO - [2021-03-07 19:05:19,741] {dagbag.py:448} INFO - Filling up the DagBag from /opt/airflow/dags/save_to_clickhouse_3/main.py
[2021-03-07 19:05:19,761] {scheduler_job.py:639} INFO - DAG(s) dict_keys(['save_to_clickhouse_3']) retrieved from /opt/airflow/dags/save_to_clickhouse_3/main.py
[2021-03-07 19:05:19,775] {logging_mixin.py:104} INFO - [2021-03-07 19:05:19,775] {dag.py:1818} INFO - Sync 1 DAGs
[2021-03-07 19:05:19,784] {logging_mixin.py:104} INFO - [2021-03-07 19:05:19,784] {dag.py:2273} INFO - Setting next_dagrun for save_to_clickhouse_3 to None
[2021-03-07 19:05:19,792] {scheduler_job.py:190} INFO - Processing /opt/airflow/dags/save_to_clickhouse_3/main.py took 0.054 seconds
[2021-03-07 19:05:36,868] {scheduler_job.py:182} INFO - Started process (PID=40) to work on /opt/airflow/dags/save_to_clickhouse_3/main.py
[2021-03-07 19:05:36,869] {scheduler_job.py:629} INFO - Processing file /opt/airflow/dags/save_to_clickhouse_3/main.py for tasks to queue
[2021-03-07 19:05:36,869] {logging_mixin.py:104} INFO - [2021-03-07 19:05:36,869] {dagbag.py:448} INFO - Filling up the DagBag from /opt/airflow/dags/save_to_clickhouse_3/main.py
[2021-03-07 19:05:36,895] {scheduler_job.py:639} INFO - DAG(s) dict_keys(['save_to_clickhouse_3']) retrieved from /opt/airflow/dags/save_to_clickhouse_3/main.py
[2021-03-07 19:05:36,906] {logging_mixin.py:104} INFO - [2021-03-07 19:05:36,906] {dag.py:1818} INFO - Sync 1 DAGs
[2021-03-07 19:05:36,921] {logging_mixin.py:104} INFO - [2021-03-07 19:05:36,920] {dag.py:2273} INFO - Setting next_dagrun for save_to_clickhouse_3 to None
[2021-03-07 19:05:36,930] {scheduler_job.py:190} INFO - Processing /opt/airflow/dags/save_to_clickhouse_3/main.py took 0.064 seconds
[2021-03-07 19:06:07,546] {scheduler_job.py:182} INFO - Started process (PID=75) to work on /opt/airflow/dags/save_to_clickhouse_3/main.py
[2021-03-07 19:06:07,546] {scheduler_job.py:629} INFO - Processing file /opt/airflow/dags/save_to_clickhouse_3/main.py for tasks to queue
[2021-03-07 19:06:07,547] {logging_mixin.py:104} INFO - [2021-03-07 19:06:07,547] {dagbag.py:448} INFO - Filling up the DagBag from /opt/airflow/dags/save_to_clickhouse_3/main.py
[2021-03-07 19:06:07,565] {scheduler_job.py:639} INFO - DAG(s) dict_keys(['save_to_clickhouse_3']) retrieved from /opt/airflow/dags/save_to_clickhouse_3/main.py
[2021-03-07 19:06:07,584] {logging_mixin.py:104} INFO - [2021-03-07 19:06:07,584] {dag.py:1818} INFO - Sync 1 DAGs
[2021-03-07 19:06:07,597] {logging_mixin.py:104} INFO - [2021-03-07 19:06:07,597] {dag.py:2273} INFO - Setting next_dagrun for save_to_clickhouse_3 to None
[2021-03-07 19:06:07,606] {scheduler_job.py:190} INFO - Processing /opt/airflow/dags/save_to_clickhouse_3/main.py took 0.063 seconds
[2021-03-07 19:06:37,798] {scheduler_job.py:182} INFO - Started process (PID=106) to work on /opt/airflow/dags/save_to_clickhouse_3/main.py
[2021-03-07 19:06:37,798] {scheduler_job.py:629} INFO - Processing file /opt/airflow/dags/save_to_clickhouse_3/main.py for tasks to queue
[2021-03-07 19:06:37,799] {logging_mixin.py:104} INFO - [2021-03-07 19:06:37,799] {dagbag.py:448} INFO - Filling up the DagBag from /opt/airflow/dags/save_to_clickhouse_3/main.py
[2021-03-07 19:06:37,819] {scheduler_job.py:639} INFO - DAG(s) dict_keys(['save_to_clickhouse_3']) retrieved from /opt/airflow/dags/save_to_clickhouse_3/main.py
[2021-03-07 19:06:37,834] {logging_mixin.py:104} INFO - [2021-03-07 19:06:37,834] {dag.py:1818} INFO - Sync 1 DAGs
[2021-03-07 19:06:37,845] {logging_mixin.py:104} INFO - [2021-03-07 19:06:37,845] {dag.py:2273} INFO - Setting next_dagrun for save_to_clickhouse_3 to None
[2021-03-07 19:06:37,852] {scheduler_job.py:190} INFO - Processing /opt/airflow/dags/save_to_clickhouse_3/main.py took 0.057 seconds
[2021-03-07 19:07:08,100] {scheduler_job.py:182} INFO - Started process (PID=141) to work on /opt/airflow/dags/save_to_clickhouse_3/main.py
[2021-03-07 19:07:08,101] {scheduler_job.py:629} INFO - Processing file /opt/airflow/dags/save_to_clickhouse_3/main.py for tasks to queue
[2021-03-07 19:07:08,101] {logging_mixin.py:104} INFO - [2021-03-07 19:07:08,101] {dagbag.py:448} INFO - Filling up the DagBag from /opt/airflow/dags/save_to_clickhouse_3/main.py
[2021-03-07 19:07:08,119] {scheduler_job.py:639} INFO - DAG(s) dict_keys(['save_to_clickhouse_3']) retrieved from /opt/airflow/dags/save_to_clickhouse_3/main.py
[2021-03-07 19:07:08,134] {logging_mixin.py:104} INFO - [2021-03-07 19:07:08,134] {dag.py:1818} INFO - Sync 1 DAGs
[2021-03-07 19:07:08,143] {logging_mixin.py:104} INFO - [2021-03-07 19:07:08,143] {dag.py:2273} INFO - Setting next_dagrun for save_to_clickhouse_3 to None
[2021-03-07 19:07:08,150] {scheduler_job.py:190} INFO - Processing /opt/airflow/dags/save_to_clickhouse_3/main.py took 0.051 seconds
[2021-03-07 19:07:38,308] {scheduler_job.py:182} INFO - Started process (PID=175) to work on /opt/airflow/dags/save_to_clickhouse_3/main.py
[2021-03-07 19:07:38,309] {scheduler_job.py:629} INFO - Processing file /opt/airflow/dags/save_to_clickhouse_3/main.py for tasks to queue
[2021-03-07 19:07:38,310] {logging_mixin.py:104} INFO - [2021-03-07 19:07:38,310] {dagbag.py:448} INFO - Filling up the DagBag from /opt/airflow/dags/save_to_clickhouse_3/main.py
[2021-03-07 19:07:38,329] {scheduler_job.py:639} INFO - DAG(s) dict_keys(['save_to_clickhouse_3']) retrieved from /opt/airflow/dags/save_to_clickhouse_3/main.py
[2021-03-07 19:07:38,343] {logging_mixin.py:104} INFO - [2021-03-07 19:07:38,342] {dag.py:1818} INFO - Sync 1 DAGs
[2021-03-07 19:07:38,352] {logging_mixin.py:104} INFO - [2021-03-07 19:07:38,352] {dag.py:2273} INFO - Setting next_dagrun for save_to_clickhouse_3 to None
[2021-03-07 19:07:38,359] {scheduler_job.py:190} INFO - Processing /opt/airflow/dags/save_to_clickhouse_3/main.py took 0.052 seconds
[2021-03-07 19:08:08,544] {scheduler_job.py:182} INFO - Started process (PID=210) to work on /opt/airflow/dags/save_to_clickhouse_3/main.py
[2021-03-07 19:08:08,544] {scheduler_job.py:629} INFO - Processing file /opt/airflow/dags/save_to_clickhouse_3/main.py for tasks to queue
[2021-03-07 19:08:08,545] {logging_mixin.py:104} INFO - [2021-03-07 19:08:08,545] {dagbag.py:448} INFO - Filling up the DagBag from /opt/airflow/dags/save_to_clickhouse_3/main.py
[2021-03-07 19:08:08,563] {scheduler_job.py:639} INFO - DAG(s) dict_keys(['save_to_clickhouse_3']) retrieved from /opt/airflow/dags/save_to_clickhouse_3/main.py
[2021-03-07 19:08:08,579] {logging_mixin.py:104} INFO - [2021-03-07 19:08:08,579] {dag.py:1818} INFO - Sync 1 DAGs
[2021-03-07 19:08:08,588] {logging_mixin.py:104} INFO - [2021-03-07 19:08:08,588] {dag.py:2273} INFO - Setting next_dagrun for save_to_clickhouse_3 to None
[2021-03-07 19:08:08,595] {scheduler_job.py:190} INFO - Processing /opt/airflow/dags/save_to_clickhouse_3/main.py took 0.054 seconds
[2021-03-07 19:08:38,958] {scheduler_job.py:182} INFO - Started process (PID=245) to work on /opt/airflow/dags/save_to_clickhouse_3/main.py
[2021-03-07 19:08:38,958] {scheduler_job.py:629} INFO - Processing file /opt/airflow/dags/save_to_clickhouse_3/main.py for tasks to queue
[2021-03-07 19:08:38,959] {logging_mixin.py:104} INFO - [2021-03-07 19:08:38,959] {dagbag.py:448} INFO - Filling up the DagBag from /opt/airflow/dags/save_to_clickhouse_3/main.py
[2021-03-07 19:08:38,978] {scheduler_job.py:639} INFO - DAG(s) dict_keys(['save_to_clickhouse_3']) retrieved from /opt/airflow/dags/save_to_clickhouse_3/main.py
[2021-03-07 19:08:38,991] {logging_mixin.py:104} INFO - [2021-03-07 19:08:38,991] {dag.py:1818} INFO - Sync 1 DAGs
[2021-03-07 19:08:39,002] {logging_mixin.py:104} INFO - [2021-03-07 19:08:39,002] {dag.py:2273} INFO - Setting next_dagrun for save_to_clickhouse_3 to None
[2021-03-07 19:08:39,008] {scheduler_job.py:190} INFO - Processing /opt/airflow/dags/save_to_clickhouse_3/main.py took 0.052 seconds
[2021-03-07 19:09:09,242] {scheduler_job.py:182} INFO - Started process (PID=280) to work on /opt/airflow/dags/save_to_clickhouse_3/main.py
[2021-03-07 19:09:09,243] {scheduler_job.py:629} INFO - Processing file /opt/airflow/dags/save_to_clickhouse_3/main.py for tasks to queue
[2021-03-07 19:09:09,243] {logging_mixin.py:104} INFO - [2021-03-07 19:09:09,243] {dagbag.py:448} INFO - Filling up the DagBag from /opt/airflow/dags/save_to_clickhouse_3/main.py
[2021-03-07 19:09:09,262] {scheduler_job.py:639} INFO - DAG(s) dict_keys(['save_to_clickhouse_3']) retrieved from /opt/airflow/dags/save_to_clickhouse_3/main.py
[2021-03-07 19:09:09,275] {logging_mixin.py:104} INFO - [2021-03-07 19:09:09,275] {dag.py:1818} INFO - Sync 1 DAGs
[2021-03-07 19:09:09,285] {logging_mixin.py:104} INFO - [2021-03-07 19:09:09,285] {dag.py:2273} INFO - Setting next_dagrun for save_to_clickhouse_3 to None
[2021-03-07 19:09:09,291] {scheduler_job.py:190} INFO - Processing /opt/airflow/dags/save_to_clickhouse_3/main.py took 0.050 seconds
[2021-03-07 19:09:39,600] {scheduler_job.py:182} INFO - Started process (PID=315) to work on /opt/airflow/dags/save_to_clickhouse_3/main.py
[2021-03-07 19:09:39,600] {scheduler_job.py:629} INFO - Processing file /opt/airflow/dags/save_to_clickhouse_3/main.py for tasks to queue
[2021-03-07 19:09:39,601] {logging_mixin.py:104} INFO - [2021-03-07 19:09:39,601] {dagbag.py:448} INFO - Filling up the DagBag from /opt/airflow/dags/save_to_clickhouse_3/main.py
[2021-03-07 19:09:39,628] {scheduler_job.py:639} INFO - DAG(s) dict_keys(['save_to_clickhouse_3']) retrieved from /opt/airflow/dags/save_to_clickhouse_3/main.py
[2021-03-07 19:09:39,649] {logging_mixin.py:104} INFO - [2021-03-07 19:09:39,649] {dag.py:1818} INFO - Sync 1 DAGs
[2021-03-07 19:09:39,665] {logging_mixin.py:104} INFO - [2021-03-07 19:09:39,664] {dag.py:2273} INFO - Setting next_dagrun for save_to_clickhouse_3 to None
[2021-03-07 19:09:39,674] {scheduler_job.py:190} INFO - Processing /opt/airflow/dags/save_to_clickhouse_3/main.py took 0.077 seconds
[2021-03-07 19:10:10,432] {scheduler_job.py:182} INFO - Started process (PID=351) to work on /opt/airflow/dags/save_to_clickhouse_3/main.py
[2021-03-07 19:10:10,433] {scheduler_job.py:629} INFO - Processing file /opt/airflow/dags/save_to_clickhouse_3/main.py for tasks to queue
[2021-03-07 19:10:10,434] {logging_mixin.py:104} INFO - [2021-03-07 19:10:10,434] {dagbag.py:448} INFO - Filling up the DagBag from /opt/airflow/dags/save_to_clickhouse_3/main.py
[2021-03-07 19:10:10,458] {scheduler_job.py:639} INFO - DAG(s) dict_keys(['save_to_clickhouse_3']) retrieved from /opt/airflow/dags/save_to_clickhouse_3/main.py
[2021-03-07 19:10:10,477] {logging_mixin.py:104} INFO - [2021-03-07 19:10:10,476] {dag.py:1818} INFO - Sync 1 DAGs
[2021-03-07 19:10:10,493] {logging_mixin.py:104} INFO - [2021-03-07 19:10:10,492] {dag.py:2273} INFO - Setting next_dagrun for save_to_clickhouse_3 to None
[2021-03-07 19:10:10,503] {scheduler_job.py:190} INFO - Processing /opt/airflow/dags/save_to_clickhouse_3/main.py took 0.072 seconds
[2021-03-07 19:10:41,089] {scheduler_job.py:182} INFO - Started process (PID=387) to work on /opt/airflow/dags/save_to_clickhouse_3/main.py
[2021-03-07 19:10:41,089] {scheduler_job.py:629} INFO - Processing file /opt/airflow/dags/save_to_clickhouse_3/main.py for tasks to queue
[2021-03-07 19:10:41,090] {logging_mixin.py:104} INFO - [2021-03-07 19:10:41,090] {dagbag.py:448} INFO - Filling up the DagBag from /opt/airflow/dags/save_to_clickhouse_3/main.py
[2021-03-07 19:10:41,119] {scheduler_job.py:639} INFO - DAG(s) dict_keys(['save_to_clickhouse_3']) retrieved from /opt/airflow/dags/save_to_clickhouse_3/main.py
[2021-03-07 19:10:41,140] {logging_mixin.py:104} INFO - [2021-03-07 19:10:41,139] {dag.py:1818} INFO - Sync 1 DAGs
[2021-03-07 19:10:41,154] {logging_mixin.py:104} INFO - [2021-03-07 19:10:41,154] {dag.py:2273} INFO - Setting next_dagrun for save_to_clickhouse_3 to None
[2021-03-07 19:10:41,164] {scheduler_job.py:190} INFO - Processing /opt/airflow/dags/save_to_clickhouse_3/main.py took 0.078 seconds
[2021-03-07 19:11:11,624] {scheduler_job.py:182} INFO - Started process (PID=423) to work on /opt/airflow/dags/save_to_clickhouse_3/main.py
[2021-03-07 19:11:11,625] {scheduler_job.py:629} INFO - Processing file /opt/airflow/dags/save_to_clickhouse_3/main.py for tasks to queue
[2021-03-07 19:11:11,625] {logging_mixin.py:104} INFO - [2021-03-07 19:11:11,625] {dagbag.py:448} INFO - Filling up the DagBag from /opt/airflow/dags/save_to_clickhouse_3/main.py
[2021-03-07 19:11:11,646] {scheduler_job.py:639} INFO - DAG(s) dict_keys(['save_to_clickhouse_3']) retrieved from /opt/airflow/dags/save_to_clickhouse_3/main.py
[2021-03-07 19:11:11,662] {logging_mixin.py:104} INFO - [2021-03-07 19:11:11,662] {dag.py:1818} INFO - Sync 1 DAGs
[2021-03-07 19:11:11,673] {logging_mixin.py:104} INFO - [2021-03-07 19:11:11,673] {dag.py:2273} INFO - Setting next_dagrun for save_to_clickhouse_3 to None
[2021-03-07 19:11:11,682] {scheduler_job.py:190} INFO - Processing /opt/airflow/dags/save_to_clickhouse_3/main.py took 0.060 seconds
[2021-03-07 19:11:42,112] {scheduler_job.py:182} INFO - Started process (PID=459) to work on /opt/airflow/dags/save_to_clickhouse_3/main.py
[2021-03-07 19:11:42,113] {scheduler_job.py:629} INFO - Processing file /opt/airflow/dags/save_to_clickhouse_3/main.py for tasks to queue
[2021-03-07 19:11:42,113] {logging_mixin.py:104} INFO - [2021-03-07 19:11:42,113] {dagbag.py:448} INFO - Filling up the DagBag from /opt/airflow/dags/save_to_clickhouse_3/main.py
[2021-03-07 19:11:42,134] {scheduler_job.py:639} INFO - DAG(s) dict_keys(['save_to_clickhouse_3']) retrieved from /opt/airflow/dags/save_to_clickhouse_3/main.py
[2021-03-07 19:11:42,149] {logging_mixin.py:104} INFO - [2021-03-07 19:11:42,149] {dag.py:1818} INFO - Sync 1 DAGs
[2021-03-07 19:11:42,160] {logging_mixin.py:104} INFO - [2021-03-07 19:11:42,160] {dag.py:2273} INFO - Setting next_dagrun for save_to_clickhouse_3 to None
[2021-03-07 19:11:42,172] {scheduler_job.py:190} INFO - Processing /opt/airflow/dags/save_to_clickhouse_3/main.py took 0.062 seconds
[2021-03-07 19:12:12,539] {scheduler_job.py:182} INFO - Started process (PID=495) to work on /opt/airflow/dags/save_to_clickhouse_3/main.py
[2021-03-07 19:12:12,540] {scheduler_job.py:629} INFO - Processing file /opt/airflow/dags/save_to_clickhouse_3/main.py for tasks to queue
[2021-03-07 19:12:12,540] {logging_mixin.py:104} INFO - [2021-03-07 19:12:12,540] {dagbag.py:448} INFO - Filling up the DagBag from /opt/airflow/dags/save_to_clickhouse_3/main.py
[2021-03-07 19:12:12,560] {scheduler_job.py:639} INFO - DAG(s) dict_keys(['save_to_clickhouse_3']) retrieved from /opt/airflow/dags/save_to_clickhouse_3/main.py
[2021-03-07 19:12:12,569] {logging_mixin.py:104} INFO - [2021-03-07 19:12:12,568] {dag.py:1818} INFO - Sync 1 DAGs
[2021-03-07 19:12:12,580] {logging_mixin.py:104} INFO - [2021-03-07 19:12:12,580] {dag.py:2273} INFO - Setting next_dagrun for save_to_clickhouse_3 to None
[2021-03-07 19:12:12,587] {scheduler_job.py:190} INFO - Processing /opt/airflow/dags/save_to_clickhouse_3/main.py took 0.050 seconds
[2021-03-07 19:12:43,050] {scheduler_job.py:182} INFO - Started process (PID=531) to work on /opt/airflow/dags/save_to_clickhouse_3/main.py
[2021-03-07 19:12:43,054] {scheduler_job.py:629} INFO - Processing file /opt/airflow/dags/save_to_clickhouse_3/main.py for tasks to queue
[2021-03-07 19:12:43,054] {logging_mixin.py:104} INFO - [2021-03-07 19:12:43,054] {dagbag.py:448} INFO - Filling up the DagBag from /opt/airflow/dags/save_to_clickhouse_3/main.py
[2021-03-07 19:12:43,072] {scheduler_job.py:639} INFO - DAG(s) dict_keys(['save_to_clickhouse_3']) retrieved from /opt/airflow/dags/save_to_clickhouse_3/main.py
[2021-03-07 19:12:43,086] {logging_mixin.py:104} INFO - [2021-03-07 19:12:43,086] {dag.py:1818} INFO - Sync 1 DAGs
[2021-03-07 19:12:43,097] {logging_mixin.py:104} INFO - [2021-03-07 19:12:43,097] {dag.py:2273} INFO - Setting next_dagrun for save_to_clickhouse_3 to None
[2021-03-07 19:12:43,105] {scheduler_job.py:190} INFO - Processing /opt/airflow/dags/save_to_clickhouse_3/main.py took 0.057 seconds
[2021-03-07 19:13:13,668] {scheduler_job.py:182} INFO - Started process (PID=567) to work on /opt/airflow/dags/save_to_clickhouse_3/main.py
[2021-03-07 19:13:13,669] {scheduler_job.py:629} INFO - Processing file /opt/airflow/dags/save_to_clickhouse_3/main.py for tasks to queue
[2021-03-07 19:13:13,669] {logging_mixin.py:104} INFO - [2021-03-07 19:13:13,669] {dagbag.py:448} INFO - Filling up the DagBag from /opt/airflow/dags/save_to_clickhouse_3/main.py
[2021-03-07 19:13:13,687] {scheduler_job.py:639} INFO - DAG(s) dict_keys(['save_to_clickhouse_3']) retrieved from /opt/airflow/dags/save_to_clickhouse_3/main.py
[2021-03-07 19:13:13,703] {logging_mixin.py:104} INFO - [2021-03-07 19:13:13,703] {dag.py:1818} INFO - Sync 1 DAGs
[2021-03-07 19:13:13,717] {logging_mixin.py:104} INFO - [2021-03-07 19:13:13,716] {dag.py:2273} INFO - Setting next_dagrun for save_to_clickhouse_3 to None
[2021-03-07 19:13:13,724] {scheduler_job.py:190} INFO - Processing /opt/airflow/dags/save_to_clickhouse_3/main.py took 0.059 seconds
[2021-03-07 19:13:44,120] {scheduler_job.py:182} INFO - Started process (PID=603) to work on /opt/airflow/dags/save_to_clickhouse_3/main.py
[2021-03-07 19:13:44,121] {scheduler_job.py:629} INFO - Processing file /opt/airflow/dags/save_to_clickhouse_3/main.py for tasks to queue
[2021-03-07 19:13:44,122] {logging_mixin.py:104} INFO - [2021-03-07 19:13:44,121] {dagbag.py:448} INFO - Filling up the DagBag from /opt/airflow/dags/save_to_clickhouse_3/main.py
[2021-03-07 19:13:44,140] {scheduler_job.py:639} INFO - DAG(s) dict_keys(['save_to_clickhouse_3']) retrieved from /opt/airflow/dags/save_to_clickhouse_3/main.py
[2021-03-07 19:13:44,154] {logging_mixin.py:104} INFO - [2021-03-07 19:13:44,154] {dag.py:1818} INFO - Sync 1 DAGs
[2021-03-07 19:13:44,166] {logging_mixin.py:104} INFO - [2021-03-07 19:13:44,166] {dag.py:2273} INFO - Setting next_dagrun for save_to_clickhouse_3 to None
[2021-03-07 19:13:44,174] {scheduler_job.py:190} INFO - Processing /opt/airflow/dags/save_to_clickhouse_3/main.py took 0.056 seconds
[2021-03-07 19:14:04,789] {scheduler_job.py:182} INFO - Started process (PID=42) to work on /opt/airflow/dags/save_to_clickhouse_3/main.py
[2021-03-07 19:14:04,790] {scheduler_job.py:629} INFO - Processing file /opt/airflow/dags/save_to_clickhouse_3/main.py for tasks to queue
[2021-03-07 19:14:04,791] {logging_mixin.py:104} INFO - [2021-03-07 19:14:04,790] {dagbag.py:448} INFO - Filling up the DagBag from /opt/airflow/dags/save_to_clickhouse_3/main.py
[2021-03-07 19:14:04,815] {scheduler_job.py:639} INFO - DAG(s) dict_keys(['save_to_clickhouse_3']) retrieved from /opt/airflow/dags/save_to_clickhouse_3/main.py
[2021-03-07 19:14:04,838] {logging_mixin.py:104} INFO - [2021-03-07 19:14:04,838] {dag.py:1818} INFO - Sync 1 DAGs
[2021-03-07 19:14:04,856] {logging_mixin.py:104} INFO - [2021-03-07 19:14:04,856] {dag.py:2273} INFO - Setting next_dagrun for save_to_clickhouse_3 to None
[2021-03-07 19:14:04,866] {scheduler_job.py:190} INFO - Processing /opt/airflow/dags/save_to_clickhouse_3/main.py took 0.080 seconds
[2021-03-07 19:14:35,541] {scheduler_job.py:182} INFO - Started process (PID=76) to work on /opt/airflow/dags/save_to_clickhouse_3/main.py
[2021-03-07 19:14:35,541] {scheduler_job.py:629} INFO - Processing file /opt/airflow/dags/save_to_clickhouse_3/main.py for tasks to queue
[2021-03-07 19:14:35,542] {logging_mixin.py:104} INFO - [2021-03-07 19:14:35,542] {dagbag.py:448} INFO - Filling up the DagBag from /opt/airflow/dags/save_to_clickhouse_3/main.py
[2021-03-07 19:14:35,570] {scheduler_job.py:639} INFO - DAG(s) dict_keys(['save_to_clickhouse_3']) retrieved from /opt/airflow/dags/save_to_clickhouse_3/main.py
[2021-03-07 19:14:35,588] {logging_mixin.py:104} INFO - [2021-03-07 19:14:35,588] {dag.py:1818} INFO - Sync 1 DAGs
[2021-03-07 19:14:35,600] {logging_mixin.py:104} INFO - [2021-03-07 19:14:35,600] {dag.py:2273} INFO - Setting next_dagrun for save_to_clickhouse_3 to None
[2021-03-07 19:14:35,608] {scheduler_job.py:190} INFO - Processing /opt/airflow/dags/save_to_clickhouse_3/main.py took 0.070 seconds
[2021-03-07 19:15:06,403] {scheduler_job.py:182} INFO - Started process (PID=117) to work on /opt/airflow/dags/save_to_clickhouse_3/main.py
[2021-03-07 19:15:06,403] {scheduler_job.py:629} INFO - Processing file /opt/airflow/dags/save_to_clickhouse_3/main.py for tasks to queue
[2021-03-07 19:15:06,404] {logging_mixin.py:104} INFO - [2021-03-07 19:15:06,404] {dagbag.py:448} INFO - Filling up the DagBag from /opt/airflow/dags/save_to_clickhouse_3/main.py
[2021-03-07 19:15:06,424] {scheduler_job.py:639} INFO - DAG(s) dict_keys(['save_to_clickhouse_3']) retrieved from /opt/airflow/dags/save_to_clickhouse_3/main.py
[2021-03-07 19:15:06,444] {logging_mixin.py:104} INFO - [2021-03-07 19:15:06,444] {dag.py:1818} INFO - Sync 1 DAGs
[2021-03-07 19:15:06,455] {logging_mixin.py:104} INFO - [2021-03-07 19:15:06,455] {dag.py:2273} INFO - Setting next_dagrun for save_to_clickhouse_3 to None
[2021-03-07 19:15:06,463] {scheduler_job.py:190} INFO - Processing /opt/airflow/dags/save_to_clickhouse_3/main.py took 0.062 seconds
[2021-03-07 19:15:37,107] {scheduler_job.py:182} INFO - Started process (PID=161) to work on /opt/airflow/dags/save_to_clickhouse_3/main.py
[2021-03-07 19:15:37,108] {scheduler_job.py:629} INFO - Processing file /opt/airflow/dags/save_to_clickhouse_3/main.py for tasks to queue
[2021-03-07 19:15:37,108] {logging_mixin.py:104} INFO - [2021-03-07 19:15:37,108] {dagbag.py:448} INFO - Filling up the DagBag from /opt/airflow/dags/save_to_clickhouse_3/main.py
[2021-03-07 19:15:37,129] {scheduler_job.py:639} INFO - DAG(s) dict_keys(['save_to_clickhouse_3']) retrieved from /opt/airflow/dags/save_to_clickhouse_3/main.py
[2021-03-07 19:15:37,143] {logging_mixin.py:104} INFO - [2021-03-07 19:15:37,143] {dag.py:1818} INFO - Sync 1 DAGs
[2021-03-07 19:15:37,153] {logging_mixin.py:104} INFO - [2021-03-07 19:15:37,153] {dag.py:2273} INFO - Setting next_dagrun for save_to_clickhouse_3 to None
[2021-03-07 19:15:37,160] {scheduler_job.py:190} INFO - Processing /opt/airflow/dags/save_to_clickhouse_3/main.py took 0.054 seconds
[2021-03-07 19:16:07,402] {scheduler_job.py:182} INFO - Started process (PID=189) to work on /opt/airflow/dags/save_to_clickhouse_3/main.py
[2021-03-07 19:16:07,404] {scheduler_job.py:629} INFO - Processing file /opt/airflow/dags/save_to_clickhouse_3/main.py for tasks to queue
[2021-03-07 19:16:07,404] {logging_mixin.py:104} INFO - [2021-03-07 19:16:07,404] {dagbag.py:448} INFO - Filling up the DagBag from /opt/airflow/dags/save_to_clickhouse_3/main.py
[2021-03-07 19:16:07,432] {scheduler_job.py:639} INFO - DAG(s) dict_keys(['save_to_clickhouse_3']) retrieved from /opt/airflow/dags/save_to_clickhouse_3/main.py
[2021-03-07 19:16:07,454] {logging_mixin.py:104} INFO - [2021-03-07 19:16:07,454] {dag.py:1818} INFO - Sync 1 DAGs
[2021-03-07 19:16:07,470] {logging_mixin.py:104} INFO - [2021-03-07 19:16:07,470] {dag.py:2273} INFO - Setting next_dagrun for save_to_clickhouse_3 to None
[2021-03-07 19:16:07,481] {scheduler_job.py:190} INFO - Processing /opt/airflow/dags/save_to_clickhouse_3/main.py took 0.081 seconds
[2021-03-07 19:16:38,034] {scheduler_job.py:182} INFO - Started process (PID=226) to work on /opt/airflow/dags/save_to_clickhouse_3/main.py
[2021-03-07 19:16:38,035] {scheduler_job.py:629} INFO - Processing file /opt/airflow/dags/save_to_clickhouse_3/main.py for tasks to queue
[2021-03-07 19:16:38,035] {logging_mixin.py:104} INFO - [2021-03-07 19:16:38,035] {dagbag.py:448} INFO - Filling up the DagBag from /opt/airflow/dags/save_to_clickhouse_3/main.py
[2021-03-07 19:16:38,056] {scheduler_job.py:639} INFO - DAG(s) dict_keys(['save_to_clickhouse_3']) retrieved from /opt/airflow/dags/save_to_clickhouse_3/main.py
[2021-03-07 19:16:38,073] {logging_mixin.py:104} INFO - [2021-03-07 19:16:38,073] {dag.py:1818} INFO - Sync 1 DAGs
[2021-03-07 19:16:38,086] {logging_mixin.py:104} INFO - [2021-03-07 19:16:38,086] {dag.py:2273} INFO - Setting next_dagrun for save_to_clickhouse_3 to None
[2021-03-07 19:16:38,093] {scheduler_job.py:190} INFO - Processing /opt/airflow/dags/save_to_clickhouse_3/main.py took 0.061 seconds
[2021-03-07 19:17:08,591] {scheduler_job.py:182} INFO - Started process (PID=266) to work on /opt/airflow/dags/save_to_clickhouse_3/main.py
[2021-03-07 19:17:08,591] {scheduler_job.py:629} INFO - Processing file /opt/airflow/dags/save_to_clickhouse_3/main.py for tasks to queue
[2021-03-07 19:17:08,592] {logging_mixin.py:104} INFO - [2021-03-07 19:17:08,592] {dagbag.py:448} INFO - Filling up the DagBag from /opt/airflow/dags/save_to_clickhouse_3/main.py
[2021-03-07 19:17:08,615] {scheduler_job.py:639} INFO - DAG(s) dict_keys(['save_to_clickhouse_3']) retrieved from /opt/airflow/dags/save_to_clickhouse_3/main.py
[2021-03-07 19:17:08,631] {logging_mixin.py:104} INFO - [2021-03-07 19:17:08,631] {dag.py:1818} INFO - Sync 1 DAGs
[2021-03-07 19:17:08,642] {logging_mixin.py:104} INFO - [2021-03-07 19:17:08,642] {dag.py:2273} INFO - Setting next_dagrun for save_to_clickhouse_3 to None
[2021-03-07 19:17:08,649] {scheduler_job.py:190} INFO - Processing /opt/airflow/dags/save_to_clickhouse_3/main.py took 0.061 seconds
[2021-03-07 19:17:39,050] {scheduler_job.py:182} INFO - Started process (PID=305) to work on /opt/airflow/dags/save_to_clickhouse_3/main.py
[2021-03-07 19:17:39,051] {scheduler_job.py:629} INFO - Processing file /opt/airflow/dags/save_to_clickhouse_3/main.py for tasks to queue
[2021-03-07 19:17:39,051] {logging_mixin.py:104} INFO - [2021-03-07 19:17:39,051] {dagbag.py:448} INFO - Filling up the DagBag from /opt/airflow/dags/save_to_clickhouse_3/main.py
[2021-03-07 19:17:39,073] {scheduler_job.py:639} INFO - DAG(s) dict_keys(['save_to_clickhouse_3']) retrieved from /opt/airflow/dags/save_to_clickhouse_3/main.py
[2021-03-07 19:17:39,091] {logging_mixin.py:104} INFO - [2021-03-07 19:17:39,090] {dag.py:1818} INFO - Sync 1 DAGs
[2021-03-07 19:17:39,102] {logging_mixin.py:104} INFO - [2021-03-07 19:17:39,102] {dag.py:2273} INFO - Setting next_dagrun for save_to_clickhouse_3 to None
[2021-03-07 19:17:39,110] {scheduler_job.py:190} INFO - Processing /opt/airflow/dags/save_to_clickhouse_3/main.py took 0.062 seconds
[2021-03-07 19:18:09,831] {scheduler_job.py:182} INFO - Started process (PID=349) to work on /opt/airflow/dags/save_to_clickhouse_3/main.py
[2021-03-07 19:18:09,832] {scheduler_job.py:629} INFO - Processing file /opt/airflow/dags/save_to_clickhouse_3/main.py for tasks to queue
[2021-03-07 19:18:09,833] {logging_mixin.py:104} INFO - [2021-03-07 19:18:09,833] {dagbag.py:448} INFO - Filling up the DagBag from /opt/airflow/dags/save_to_clickhouse_3/main.py
[2021-03-07 19:18:09,833] {scheduler_job.py:641} WARNING - No viable dags retrieved from /opt/airflow/dags/save_to_clickhouse_3/main.py
[2021-03-07 19:18:09,833] {scheduler_job.py:190} INFO - Processing /opt/airflow/dags/save_to_clickhouse_3/main.py took 0.004 seconds
[2021-03-07 19:18:40,412] {scheduler_job.py:182} INFO - Started process (PID=387) to work on /opt/airflow/dags/save_to_clickhouse_3/main.py
[2021-03-07 19:18:40,413] {scheduler_job.py:629} INFO - Processing file /opt/airflow/dags/save_to_clickhouse_3/main.py for tasks to queue
[2021-03-07 19:18:40,414] {logging_mixin.py:104} INFO - [2021-03-07 19:18:40,414] {dagbag.py:448} INFO - Filling up the DagBag from /opt/airflow/dags/save_to_clickhouse_3/main.py
[2021-03-07 19:18:40,414] {scheduler_job.py:641} WARNING - No viable dags retrieved from /opt/airflow/dags/save_to_clickhouse_3/main.py
[2021-03-07 19:18:40,414] {scheduler_job.py:190} INFO - Processing /opt/airflow/dags/save_to_clickhouse_3/main.py took 0.004 seconds
