[2021-03-07 19:27:27,891] {taskinstance.py:851} INFO - Dependencies all met for <TaskInstance: get_from_clickhouse_1.log 2021-03-07T19:27:25.430547+00:00 [queued]>
[2021-03-07 19:27:27,914] {taskinstance.py:851} INFO - Dependencies all met for <TaskInstance: get_from_clickhouse_1.log 2021-03-07T19:27:25.430547+00:00 [queued]>
[2021-03-07 19:27:27,914] {taskinstance.py:1042} INFO - 
--------------------------------------------------------------------------------
[2021-03-07 19:27:27,914] {taskinstance.py:1043} INFO - Starting attempt 1 of 1
[2021-03-07 19:27:27,914] {taskinstance.py:1044} INFO - 
--------------------------------------------------------------------------------
[2021-03-07 19:27:27,927] {taskinstance.py:1063} INFO - Executing <Task(_PythonDecoratedOperator): log> on 2021-03-07T19:27:25.430547+00:00
[2021-03-07 19:27:27,932] {standard_task_runner.py:52} INFO - Started process 48 to run task
[2021-03-07 19:27:27,937] {standard_task_runner.py:76} INFO - Running: ['airflow', 'tasks', 'run', 'get_from_clickhouse_1', 'log', '2021-03-07T19:27:25.430547+00:00', '--job-id', '173', '--pool', 'default_pool', '--raw', '--subdir', 'DAGS_FOLDER/get_from_clickhouse_1/main.py', '--cfg-path', '/tmp/tmpqcyo86cn', '--error-file', '/tmp/tmpydmwwjug']
[2021-03-07 19:27:27,937] {standard_task_runner.py:77} INFO - Job 173: Subtask log
[2021-03-07 19:27:27,985] {logging_mixin.py:104} INFO - Running <TaskInstance: get_from_clickhouse_1.log 2021-03-07T19:27:25.430547+00:00 [running]> on host 020f66ce59e6
[2021-03-07 19:27:28,039] {taskinstance.py:1257} INFO - Exporting the following env vars:
AIRFLOW_CTX_DAG_OWNER=iotoi
AIRFLOW_CTX_DAG_ID=get_from_clickhouse_1
AIRFLOW_CTX_TASK_ID=log
AIRFLOW_CTX_EXECUTION_DATE=2021-03-07T19:27:25.430547+00:00
AIRFLOW_CTX_DAG_RUN_ID=manual__2021-03-07T19:27:25.430547+00:00
[2021-03-07 19:27:28,039] {logging_mixin.py:104} INFO - Should be saved in clickhouse
[2021-03-07 19:27:28,039] {logging_mixin.py:104} INFO - None
[2021-03-07 19:27:28,050] {taskinstance.py:1166} INFO - Marking task as SUCCESS. dag_id=get_from_clickhouse_1, task_id=log, execution_date=20210307T192725, start_date=20210307T192727, end_date=20210307T192728
[2021-03-07 19:27:28,076] {taskinstance.py:1220} INFO - 0 downstream tasks scheduled from follow-on schedule check
[2021-03-07 19:27:28,115] {local_task_job.py:146} INFO - Task exited with return code 0
