[2021-03-03 18:13:26,220] {taskinstance.py:851} INFO - Dependencies all met for <TaskInstance: generate_string_workflow.log 2021-03-03T18:13:22.803078+00:00 [queued]>
[2021-03-03 18:13:26,228] {taskinstance.py:851} INFO - Dependencies all met for <TaskInstance: generate_string_workflow.log 2021-03-03T18:13:22.803078+00:00 [queued]>
[2021-03-03 18:13:26,228] {taskinstance.py:1042} INFO - 
--------------------------------------------------------------------------------
[2021-03-03 18:13:26,228] {taskinstance.py:1043} INFO - Starting attempt 1 of 1
[2021-03-03 18:13:26,229] {taskinstance.py:1044} INFO - 
--------------------------------------------------------------------------------
[2021-03-03 18:13:26,237] {taskinstance.py:1063} INFO - Executing <Task(_PythonDecoratedOperator): log> on 2021-03-03T18:13:22.803078+00:00
[2021-03-03 18:13:26,241] {standard_task_runner.py:52} INFO - Started process 51 to run task
[2021-03-03 18:13:26,244] {standard_task_runner.py:76} INFO - Running: ['airflow', 'tasks', 'run', 'generate_string_workflow', 'log', '2021-03-03T18:13:22.803078+00:00', '--job-id', '16', '--pool', 'default_pool', '--raw', '--subdir', 'DAGS_FOLDER/custom-dag-1.py', '--cfg-path', '/tmp/tmpqp6pp8u0', '--error-file', '/tmp/tmp54otwbwd']
[2021-03-03 18:13:26,244] {standard_task_runner.py:77} INFO - Job 16: Subtask log
[2021-03-03 18:13:26,269] {logging_mixin.py:104} INFO - Running <TaskInstance: generate_string_workflow.log 2021-03-03T18:13:22.803078+00:00 [running]> on host 02b058bbf526
[2021-03-03 18:13:26,298] {taskinstance.py:1257} INFO - Exporting the following env vars:
AIRFLOW_CTX_DAG_OWNER=iotoi
AIRFLOW_CTX_DAG_ID=generate_string_workflow
AIRFLOW_CTX_TASK_ID=log
AIRFLOW_CTX_EXECUTION_DATE=2021-03-03T18:13:22.803078+00:00
AIRFLOW_CTX_DAG_RUN_ID=manual__2021-03-03T18:13:22.803078+00:00
[2021-03-03 18:13:26,298] {logging_mixin.py:104} INFO - New Array:
[2021-03-03 18:13:26,298] {logging_mixin.py:104} INFO - [{'foo': 59, 'bar': {'baz': 'Julia Jenkins', 'poo': 3.54}}, {'foo': 59, 'bar': {'baz': 'Julia Jenkins', 'poo': 3.54}}]
[2021-03-03 18:13:26,303] {taskinstance.py:1166} INFO - Marking task as SUCCESS. dag_id=generate_string_workflow, task_id=log, execution_date=20210303T181322, start_date=20210303T181326, end_date=20210303T181326
[2021-03-03 18:13:26,319] {taskinstance.py:1220} INFO - 0 downstream tasks scheduled from follow-on schedule check
[2021-03-03 18:13:26,336] {local_task_job.py:146} INFO - Task exited with return code 0
