[2021-03-07 19:02:52,029] {taskinstance.py:851} INFO - Dependencies all met for <TaskInstance: save_to_clickhouse_3.log 2021-03-07T19:02:50.252322+00:00 [queued]>
[2021-03-07 19:02:52,035] {taskinstance.py:851} INFO - Dependencies all met for <TaskInstance: save_to_clickhouse_3.log 2021-03-07T19:02:50.252322+00:00 [queued]>
[2021-03-07 19:02:52,035] {taskinstance.py:1042} INFO - 
--------------------------------------------------------------------------------
[2021-03-07 19:02:52,035] {taskinstance.py:1043} INFO - Starting attempt 1 of 1
[2021-03-07 19:02:52,035] {taskinstance.py:1044} INFO - 
--------------------------------------------------------------------------------
[2021-03-07 19:02:52,044] {taskinstance.py:1063} INFO - Executing <Task(_PythonDecoratedOperator): log> on 2021-03-07T19:02:50.252322+00:00
[2021-03-07 19:02:52,047] {standard_task_runner.py:52} INFO - Started process 52 to run task
[2021-03-07 19:02:52,049] {standard_task_runner.py:76} INFO - Running: ['airflow', 'tasks', 'run', 'save_to_clickhouse_3', 'log', '2021-03-07T19:02:50.252322+00:00', '--job-id', '136', '--pool', 'default_pool', '--raw', '--subdir', 'DAGS_FOLDER/save_to_clickhouse_3/main.py', '--cfg-path', '/tmp/tmpf3z95vxo', '--error-file', '/tmp/tmpososyrzf']
[2021-03-07 19:02:52,049] {standard_task_runner.py:77} INFO - Job 136: Subtask log
[2021-03-07 19:02:52,075] {logging_mixin.py:104} INFO - Running <TaskInstance: save_to_clickhouse_3.log 2021-03-07T19:02:50.252322+00:00 [running]> on host 020f66ce59e6
[2021-03-07 19:02:52,106] {taskinstance.py:1257} INFO - Exporting the following env vars:
AIRFLOW_CTX_DAG_OWNER=iotoi
AIRFLOW_CTX_DAG_ID=save_to_clickhouse_3
AIRFLOW_CTX_TASK_ID=log
AIRFLOW_CTX_EXECUTION_DATE=2021-03-07T19:02:50.252322+00:00
AIRFLOW_CTX_DAG_RUN_ID=manual__2021-03-07T19:02:50.252322+00:00
[2021-03-07 19:02:52,106] {logging_mixin.py:104} INFO - Should be saved in clickhouse
[2021-03-07 19:02:52,106] {logging_mixin.py:104} INFO - None
[2021-03-07 19:02:52,113] {taskinstance.py:1166} INFO - Marking task as SUCCESS. dag_id=save_to_clickhouse_3, task_id=log, execution_date=20210307T190250, start_date=20210307T190252, end_date=20210307T190252
[2021-03-07 19:02:52,130] {taskinstance.py:1220} INFO - 0 downstream tasks scheduled from follow-on schedule check
[2021-03-07 19:02:52,142] {local_task_job.py:146} INFO - Task exited with return code 0
