[2021-03-03 19:24:44,744] {taskinstance.py:851} INFO - Dependencies all met for <TaskInstance: send_email.prepare_email 2021-03-03T19:24:42.104984+00:00 [queued]>
[2021-03-03 19:24:44,756] {taskinstance.py:851} INFO - Dependencies all met for <TaskInstance: send_email.prepare_email 2021-03-03T19:24:42.104984+00:00 [queued]>
[2021-03-03 19:24:44,756] {taskinstance.py:1042} INFO - 
--------------------------------------------------------------------------------
[2021-03-03 19:24:44,756] {taskinstance.py:1043} INFO - Starting attempt 1 of 1
[2021-03-03 19:24:44,757] {taskinstance.py:1044} INFO - 
--------------------------------------------------------------------------------
[2021-03-03 19:24:44,763] {taskinstance.py:1063} INFO - Executing <Task(_PythonDecoratedOperator): prepare_email> on 2021-03-03T19:24:42.104984+00:00
[2021-03-03 19:24:44,767] {standard_task_runner.py:52} INFO - Started process 48 to run task
[2021-03-03 19:24:44,769] {standard_task_runner.py:76} INFO - Running: ['airflow', 'tasks', 'run', 'send_email', 'prepare_email', '2021-03-03T19:24:42.104984+00:00', '--job-id', '25', '--pool', 'default_pool', '--raw', '--subdir', 'DAGS_FOLDER/send_email.py', '--cfg-path', '/tmp/tmpnp2q_1cq', '--error-file', '/tmp/tmp6zn2imcj']
[2021-03-03 19:24:44,770] {standard_task_runner.py:77} INFO - Job 25: Subtask prepare_email
[2021-03-03 19:24:44,802] {logging_mixin.py:104} INFO - Running <TaskInstance: send_email.prepare_email 2021-03-03T19:24:42.104984+00:00 [running]> on host 4c61e128b408
[2021-03-03 19:24:44,839] {taskinstance.py:1257} INFO - Exporting the following env vars:
AIRFLOW_CTX_DAG_OWNER=iotoi
AIRFLOW_CTX_DAG_ID=send_email
AIRFLOW_CTX_TASK_ID=prepare_email
AIRFLOW_CTX_EXECUTION_DATE=2021-03-03T19:24:42.104984+00:00
AIRFLOW_CTX_DAG_RUN_ID=manual__2021-03-03T19:24:42.104984+00:00
[2021-03-03 19:24:44,870] {taskinstance.py:1166} INFO - Marking task as SUCCESS. dag_id=send_email, task_id=prepare_email, execution_date=20210303T192442, start_date=20210303T192444, end_date=20210303T192444
[2021-03-03 19:24:44,888] {taskinstance.py:1220} INFO - 1 downstream tasks scheduled from follow-on schedule check
[2021-03-03 19:24:44,902] {local_task_job.py:146} INFO - Task exited with return code 0
