[2021-03-07 11:36:10,082] {taskinstance.py:851} INFO - Dependencies all met for <TaskInstance: save_to_minio_2.write_text_file 2021-03-07T11:36:09.461651+00:00 [queued]>
[2021-03-07 11:36:10,093] {taskinstance.py:851} INFO - Dependencies all met for <TaskInstance: save_to_minio_2.write_text_file 2021-03-07T11:36:09.461651+00:00 [queued]>
[2021-03-07 11:36:10,093] {taskinstance.py:1042} INFO - 
--------------------------------------------------------------------------------
[2021-03-07 11:36:10,093] {taskinstance.py:1043} INFO - Starting attempt 1 of 1
[2021-03-07 11:36:10,093] {taskinstance.py:1044} INFO - 
--------------------------------------------------------------------------------
[2021-03-07 11:36:10,104] {taskinstance.py:1063} INFO - Executing <Task(_PythonDecoratedOperator): write_text_file> on 2021-03-07T11:36:09.461651+00:00
[2021-03-07 11:36:10,110] {standard_task_runner.py:76} INFO - Running: ['airflow', 'tasks', 'run', 'save_to_minio_2', 'write_text_file', '2021-03-07T11:36:09.461651+00:00', '--job-id', '96', '--pool', 'default_pool', '--raw', '--subdir', 'DAGS_FOLDER/save_to_minio_2/main.py', '--cfg-path', '/tmp/tmph9b8j7ko', '--error-file', '/tmp/tmpp93a_yn8']
[2021-03-07 11:36:10,108] {standard_task_runner.py:52} INFO - Started process 52 to run task
[2021-03-07 11:36:10,110] {standard_task_runner.py:77} INFO - Job 96: Subtask write_text_file
[2021-03-07 11:36:10,138] {logging_mixin.py:104} INFO - Running <TaskInstance: save_to_minio_2.write_text_file 2021-03-07T11:36:09.461651+00:00 [running]> on host b5d0ebb2b610
[2021-03-07 11:36:10,172] {taskinstance.py:1257} INFO - Exporting the following env vars:
AIRFLOW_CTX_DAG_OWNER=iotoi
AIRFLOW_CTX_DAG_ID=save_to_minio_2
AIRFLOW_CTX_TASK_ID=write_text_file
AIRFLOW_CTX_EXECUTION_DATE=2021-03-07T11:36:09.461651+00:00
AIRFLOW_CTX_DAG_RUN_ID=manual__2021-03-07T11:36:09.461651+00:00
[2021-03-07 11:36:10,172] {base_aws.py:362} INFO - Airflow Connection: aws_conn_id=local_minio
[2021-03-07 11:36:10,177] {base_aws.py:164} INFO - Credentials retrieved from extra_config
[2021-03-07 11:36:10,177] {base_aws.py:81} INFO - Creating session with aws_access_key_id=minio-access-key region_name=None
[2021-03-07 11:36:10,187] {base_aws.py:151} INFO - role_arn is None
[2021-03-07 11:36:10,234] {taskinstance.py:1166} INFO - Marking task as SUCCESS. dag_id=save_to_minio_2, task_id=write_text_file, execution_date=20210307T113609, start_date=20210307T113610, end_date=20210307T113610
[2021-03-07 11:36:10,251] {taskinstance.py:1220} INFO - 0 downstream tasks scheduled from follow-on schedule check
[2021-03-07 11:36:10,283] {local_task_job.py:146} INFO - Task exited with return code 0
